#
# A fatal error has been detected by the Java Runtime Environment:
#
#  SIGBUS (0xa) at pc=0x000000010bf254f0, pid=81251, tid=35599
#
# JRE version: OpenJDK Runtime Environment (17.0.2+8) (build 17.0.2+8-86)
# Java VM: OpenJDK 64-Bit Server VM (17.0.2+8-86, mixed mode, sharing, tiered, compressed oops, compressed class ptrs, g1 gc, bsd-aarch64)
# Problematic frame:
# v  ~StubRoutines::SafeFetchN
#
# No core dump will be written. Core dumps have been disabled. To enable core dumping, try "ulimit -c unlimited" before starting Java again
#
# If you would like to submit a bug report, please visit:
#   https://bugreport.java.com/bugreport/crash.jsp
# The crash happened outside the Java Virtual Machine in native code.
# See problematic frame for where to report the bug.
#

---------------  S U M M A R Y ------------

Command Line: -javaagent:/Applications/IntelliJ IDEA.app/Contents/lib/idea_rt.jar=54478:/Applications/IntelliJ IDEA.app/Contents/bin -Dfile.encoding=UTF-8 ui.ApplicationLauncher

Host: "MacBookAir10,1" arm64 1 MHz, 8 cores, 8G, Darwin 21.3.0, macOS 12.2.1 (21D62)
Time: Mon Mar 28 18:34:58 2022 CEST elapsed time: 18.221332 seconds (0d 0h 0m 18s)

---------------  T H R E A D  ---------------

Current thread (0x000000013e17ea00):  JavaThread "InvokeLaterDispatcher" daemon [_thread_in_native, id=35599, stack(0x0000000170848000,0x0000000170a4b000)]

Stack: [0x0000000170848000,0x0000000170a4b000],  sp=0x0000000170a4a780,  free space=2057k
Native frames: (J=compiled Java code, j=interpreted, Vv=VM code, C=native code)
v  ~StubRoutines::SafeFetchN
V  [libjvm.dylib+0x7a6bcc]  _ZN10OopStorage7releaseEPKP7oopDesc+0x20
V  [libjvm.dylib+0x4ba824]  jni_DeleteGlobalRef+0xd8
C  [libglass.dylib+0xab08]  -[GlassRunnable dealloc]+0x34
C  [Foundation+0x84c7c]  -[_NSThreadPerformInfo dealloc]+0x30
C  [Foundation+0x51578]  -[NSObject(NSThreadPerformAdditions) performSelectorOnMainThread:withObject:waitUntilDone:]+0x88
C  0xc34a80010bf2d8ac
j  com.sun.glass.ui.mac.MacApplication.submitForLaterInvocation(Ljava/lang/Runnable;)V+2
j  com.sun.glass.ui.InvokeLaterDispatcher.run()V+82
v  ~StubRoutines::call_stub
V  [libjvm.dylib+0x461d08]  _ZN9JavaCalls11call_helperEP9JavaValueRK12methodHandleP17JavaCallArgumentsP10JavaThread+0x38c
V  [libjvm.dylib+0x460d24]  _ZN9JavaCalls12call_virtualEP9JavaValueP5KlassP6SymbolS5_P17JavaCallArgumentsP10JavaThread+0x11c
V  [libjvm.dylib+0x460df0]  _ZN9JavaCalls12call_virtualEP9JavaValue6HandleP5KlassP6SymbolS6_P10JavaThread+0x64
V  [libjvm.dylib+0x515f04]  _ZL12thread_entryP10JavaThreadS0_+0xc4
V  [libjvm.dylib+0x9071ac]  _ZN10JavaThread17thread_main_innerEv+0x13c
V  [libjvm.dylib+0x9058c0]  _ZN6Thread8call_runEv+0x128
V  [libjvm.dylib+0x7ad7c8]  _ZL19thread_native_entryP6Thread+0x158
C  [libsystem_pthread.dylib+0x7240]  _pthread_start+0x94

Java frames: (J=compiled Java code, j=interpreted, Vv=VM code)
j  com.sun.glass.ui.mac.MacApplication._submitForLaterInvocation(Ljava/lang/Runnable;)V+0
j  com.sun.glass.ui.mac.MacApplication.submitForLaterInvocation(Ljava/lang/Runnable;)V+2
j  com.sun.glass.ui.InvokeLaterDispatcher.run()V+82
v  ~StubRoutines::call_stub

siginfo: si_signo: 10 (SIGBUS), si_code: 1 (BUS_ADRALN), si_addr: 0x000000010bf254f0

Register to memory mapping:

 x0=0x000000012b6045c8 points into unknown readable memory: 0x0000000000000000 | 00 00 00 00 00 00 00 00
 x1=0x0 is NULL
 x2=0x00000007827fd2d0 is an oop: com.sun.glass.ui.InvokeLaterDispatcher$Future 
{0x00000007827fd2d0} - klass: 'com/sun/glass/ui/InvokeLaterDispatcher$Future'
 - ---- fields (total size 3 words):
 - private 'done' 'Z' @12  true
 - private final 'runnable' 'Ljava/lang/Runnable;' @16  a 'com/sun/javafx/application/PlatformImpl$$Lambda$359+0x0000000800eab778'{0x00000007827c4220} (f04f8844)
 - final synthetic 'this$0' 'Lcom/sun/glass/ui/InvokeLaterDispatcher;' @20  a 'com/sun/glass/ui/InvokeLaterDispatcher'{0x000000078032e6b8} (f0065cd7)
 x3=0x0 is NULL
 x4=0x0 is NULL
 x5=0x0 is NULL
 x6=0x0 is NULL
 x7=0x0 is NULL
 x8=0x000000010bf254ec is at begin+0 in a stub
StubRoutines::SafeFetchN [0x000000010bf254ec, 0x000000010bf254f8] (12 bytes)
 x9=0x0 is NULL
x10=0x2010000030300000 is an unknown value
x11=0x0000000000000007 is an unknown value
x12=0x0000000000000007 is an unknown value
x13=0x000060000215fbe0 points into unknown readable memory: 0x55118001c13cd738 | 38 d7 3c c1 01 80 11 55
x14=0x0000000000000001 is an unknown value
x15=0x000000012583df98: OBJC_CLASS_$_GlassRunnable+0 in /Users/abdu/.openjfx/cache/17/libglass.dylib at 0x00000001257f8000
x16=0x00000001c043c094: pthread_getspecific+0 in /usr/lib/system/libsystem_pthread.dylib at 0x00000001c043a000
x17=0x0000600002b495c0 points into unknown readable memory: 0xfffffffffffffffe | fe ff ff ff ff ff ff ff
x18=0x0 is NULL
x19=0x00006000024607e0 points into unknown readable memory: 0x0000600000d657f0 | f0 57 d6 00 00 60 00 00
x20=0x000000012b6043c0 points into unknown readable memory: 0x00000000000007ff | ff 07 00 00 00 00 00 00
x21=0x000000012b6045c8 points into unknown readable memory: 0x0000000000000000 | 00 00 00 00 00 00 00 00
x22=0x000000013e17ea00 is a thread
x23=0x0000000000000001 is an unknown value
x24=0x000000012b604580 is a global jni handle
x25=0x00000001043e55e8: _ZN12StubRoutines17_safefetchN_entryE+0 in /Users/abdu/Library/Java/JavaVirtualMachines/openjdk-17.0.2/Contents/Home/lib/server/libjvm.dylib at 0x0000000103834000
x26=0x00000001248a9500 is pointing into metadata
x27=0x0 is NULL
x28=0x000000013e17ea00 is a thread


Registers:
 x0=0x000000012b6045c8  x1=0x0000000000000000  x2=0x00000007827fd2d0  x3=0x0000000000000000
 x4=0x0000000000000000  x5=0x0000000000000000  x6=0x0000000000000000  x7=0x0000000000000000
 x8=0x000000010bf254ec  x9=0x0000000000000000 x10=0x2010000030300000 x11=0x0000000000000007
x12=0x0000000000000007 x13=0x000060000215fbe0 x14=0x0000000000000001 x15=0x000000012583df98
x16=0x00000001c043c094 x17=0x0000600002b495c0 x18=0x0000000000000000 x19=0x00006000024607e0
x20=0x000000012b6043c0 x21=0x000000012b6045c8 x22=0x000000013e17ea00 x23=0x0000000000000001
x24=0x000000012b604580 x25=0x00000001043e55e8 x26=0x00000001248a9500 x27=0x0000000000000000
x28=0x000000013e17ea00  fp=0x0000000170a4a7c0  lr=0x0000000103fd999c  sp=0x0000000170a4a780
pc=0x000000010bf254f0 cpsr=0x0000000060001000
Top of Stack: (sp=0x0000000170a4a780)
0x0000000170a4a780:   00000001248a9500 0000000000000001
0x0000000170a4a790:   0000000170a4a988 0000000000000000
0x0000000170a4a7a0:   000000013e1814a8 000000012b6045b8
0x0000000170a4a7b0:   000000012b6045b8 00006000024607e0
0x0000000170a4a7c0:   0000000170a4a800 0000000103fdabcc
0x0000000170a4a7d0:   0000000000000001 000000012b6045b8
0x0000000170a4a7e0:   000000013e1814a8 000000012b6045b8
0x0000000170a4a7f0:   0000000000000001 000000013e181200
0x0000000170a4a800:   0000000170a4a840 0000000103cee824
0x0000000170a4a810:   0000000170a4a988 0000600000d48770
0x0000000170a4a820:   0000600000d489a0 000000020a9b69e3
0x0000000170a4a830:   0000000000000000 0000600000d489a0
0x0000000170a4a840:   0000000170a4a870 0000000125802b08
0x0000000170a4a850:   ebc44d40dcf3004e 0000000000000000
0x0000000170a4a860:   0000000000000000 0000600001a4b400
0x0000000170a4a870:   0000000170a4a8b0 00000001c1400c7c
0x0000000170a4a880:   0000000170a4a988 0000600000d48770
0x0000000170a4a890:   0000600000d489a0 ebc44d40dcf3004e
0x0000000170a4a8a0:   0000000000000000 0000000000000000
0x0000000170a4a8b0:   0000000170a4a8f0 39708001c13cd578
0x0000000170a4a8c0:   0000000170a4a988 000000010bf2c7c0
0x0000000170a4a8d0:   0000000000000000 00000001043ecfa8
0x0000000170a4a8e0:   0000000170a4a900 000000010bf2b730
0x0000000170a4a8f0:   0000000170a4a960 c34a80010bf2d8ac
0x0000000170a4a900:   00000001248aba28 0000000000000001
0x0000000170a4a910:   0000000170a4a910 0000000000000000
0x0000000170a4a920:   0000000170a4a988 00000001248a9500
0x0000000170a4a930:   0000000780371f50 0000000000000000
0x0000000170a4a940:   0000000000000000 0000000124882888
0x0000000170a4a950:   0000000000000000 0000000170a4a960
0x0000000170a4a960:   0000000170a4a9e0 000000010bf29fc8
0x0000000170a4a970:   0000000000000000 0000000000000000 

Instructions: (pc=0x000000010bf254f0)
0x000000010bf253f0:   f2a08769 f2c00029 6d425935 1e640886
0x000000010bf25400:   0c402d31 1e6408c7 1f5654d0 1e6c1017
0x000000010bf25410:   1f5050d0 1f504cd0 1f5048d0 1e650af6
0x000000010bf25420:   1f50d8f6 1f5694d6 1f5158f6 1e762880
0x000000010bf25430:   36000501 1e614000 14000026 2e251ca5
0x000000010bf25440:   d2843009 f2a08769 f2c00029 6d425d36
0x000000010bf25450:   1e600806 0c402d32 1f5758c7 1e6c101a
0x000000010bf25460:   1f4754c7 1e650805 1f4750c7 d2866668
0x000000010bf25470:   f2a7fa68 1f474cc7 1e6608c0 1f4748c7
0x000000010bf25480:   1e6e1019 eb08007f 540000ac 1f479400
0x000000010bf25490:   1f460340 1e603b20 1400000e d2a7fd29
0x000000010bf254a0:   eb09007f 540000ac 51480069 d3607d29
0x000000010bf254b0:   9e670121 14000002 1e6a5001 1f679417
0x000000010bf254c0:   1f668742 1e613b23 1e773857 1e773860
0x000000010bf254d0:   a8c17ff3 910003bf a8c17bfd d65f03c0
0x000000010bf254e0:   b9400001 aa0103e0 d65f03c0 f9400001
0x000000010bf254f0:   aa0103e0 d65f03c0 00000000 00000000
0x000000010bf25500:   00000000 00000000 00000000 00000000
0x000000010bf25510:   00000000 00000000 00000000 00000000
0x000000010bf25520:   00000000 00000000 00000000 00000000
0x000000010bf25530:   00000000 00000000 00000000 00000000
0x000000010bf25540:   00000000 00000000 00000000 00000000
0x000000010bf25550:   00000000 00000000 00000000 00000000
0x000000010bf25560:   00000000 00000000 00000000 00000000
0x000000010bf25570:   00000000 00000000 00000000 00000000
0x000000010bf25580:   00000000 00000000 00000000 00000000
0x000000010bf25590:   00000000 00000000 00000000 00000000
0x000000010bf255a0:   00000000 00000000 00000000 00000000
0x000000010bf255b0:   00000000 00000000 00000000 00000000
0x000000010bf255c0:   00000000 00000000 00000000 00000000
0x000000010bf255d0:   00000000 00000000 00000000 00000000
0x000000010bf255e0:   00000000 00000000 00000000 00000000 


Stack slot to memory mapping:
stack at sp + 0 slots: 0x00000001248a9500 is pointing into metadata
stack at sp + 1 slots: 0x0000000000000001 is an unknown value
stack at sp + 2 slots: 0x0000000170a4a988 is pointing into the stack for thread: 0x000000013e17ea00
stack at sp + 3 slots: 0x0 is NULL
stack at sp + 4 slots: 0x000000013e1814a8 points into unknown readable memory: 0x00000001043a2738 | 38 27 3a 04 01 00 00 00
stack at sp + 5 slots: 0x000000012b6045b8 is a global jni handle
stack at sp + 6 slots: 0x000000012b6045b8 is a global jni handle
stack at sp + 7 slots: 0x00006000024607e0 points into unknown readable memory: 0x0000600000d657f0 | f0 57 d6 00 00 60 00 00

StubRoutines::SafeFetchN [0x000000010bf254ec, 0x000000010bf254f8] (12 bytes)
[MachCode]
  0x000000010bf254ec: 0100 40f9 | e003 01aa | c003 5fd6 
[/MachCode]

---------------  P R O C E S S  ---------------

Threads class SMR info:
_java_thread_list=0x0000600000f6de60, length=21, elements={
0x000000013c85b200, 0x000000013c85da00, 0x000000013d00b200, 0x000000013d009600,
0x000000013d009c00, 0x000000013d00a200, 0x000000013d00a800, 0x000000013d015a00,
0x000000013c862000, 0x000000013b809200, 0x000000012b808c00, 0x000000013c85d400,
0x000000013e00aa00, 0x000000013e00e600, 0x000000013e00ca00, 0x000000013e17ea00,
0x000000013e181200, 0x000000013c809a00, 0x000000013baeae00, 0x000000013bae4000,
0x000000013c037200
}

Java Threads: ( => current thread )
  0x000000013c85b200 JavaThread "Reference Handler" daemon [_thread_blocked, id=17411, stack(0x000000016e670000,0x000000016e873000)]
  0x000000013c85da00 JavaThread "Finalizer" daemon [_thread_blocked, id=18691, stack(0x000000016e87c000,0x000000016ea7f000)]
  0x000000013d00b200 JavaThread "Signal Dispatcher" daemon [_thread_blocked, id=23299, stack(0x000000016eba0000,0x000000016eda3000)]
  0x000000013d009600 JavaThread "Service Thread" daemon [_thread_blocked, id=42755, stack(0x000000016edac000,0x000000016efaf000)]
  0x000000013d009c00 JavaThread "Monitor Deflation Thread" daemon [_thread_blocked, id=42499, stack(0x000000016efb8000,0x000000016f1bb000)]
  0x000000013d00a200 JavaThread "C2 CompilerThread0" daemon [_thread_blocked, id=24067, stack(0x000000016f1c4000,0x000000016f3c7000)]
  0x000000013d00a800 JavaThread "C1 CompilerThread0" daemon [_thread_blocked, id=24579, stack(0x000000016f3d0000,0x000000016f5d3000)]
  0x000000013d015a00 JavaThread "Sweeper thread" daemon [_thread_blocked, id=24835, stack(0x000000016f5dc000,0x000000016f7df000)]
  0x000000013c862000 JavaThread "Common-Cleaner" daemon [_thread_blocked, id=25091, stack(0x000000016f7e8000,0x000000016f9eb000)]
  0x000000013b809200 JavaThread "Monitor Ctrl-Break" daemon [_thread_in_native, id=41475, stack(0x000000016f9f4000,0x000000016fbf7000)]
  0x000000012b808c00 JavaThread "Notification Thread" daemon [_thread_blocked, id=41219, stack(0x000000016fc00000,0x000000016fe03000)]
  0x000000013c85d400 JavaThread "ODB-FileWriter" daemon [_thread_blocked, id=25859, stack(0x0000000170018000,0x000000017021b000)]
  0x000000013e00aa00 JavaThread "ODB-WeakRefPurger" daemon [_thread_blocked, id=26115, stack(0x0000000170224000,0x0000000170427000)]
  0x000000013e00e600 JavaThread "QuantumRenderer-0" daemon [_thread_blocked, id=26627, stack(0x0000000170430000,0x0000000170633000)]
  0x000000013e00ca00 JavaThread "Attach Listener" daemon [_thread_blocked, id=28431, stack(0x000000017063c000,0x000000017083f000)]
=>0x000000013e17ea00 JavaThread "InvokeLaterDispatcher" daemon [_thread_in_native, id=35599, stack(0x0000000170848000,0x0000000170a4b000)]
  0x000000013e181200 JavaThread "JavaFX Application Thread" [_thread_in_native, id=259, stack(0x000000016cf94000,0x000000016d790000)]
  0x000000013c809a00 JavaThread "DestroyJavaVM" [_thread_blocked, id=9987, stack(0x000000016d81c000,0x000000016da1f000)]
  0x000000013baeae00 JavaThread "Prism Font Disposer" daemon [_thread_blocked, id=56847, stack(0x0000000171d70000,0x0000000171f73000)]
  0x000000013bae4000 JavaThread "Cleaner-0" daemon [_thread_blocked, id=82455, stack(0x0000000172008000,0x000000017220b000)]
  0x000000013c037200 JavaThread "PulseTimer-CVDisplayLink thread" daemon [_thread_in_native, id=52531, stack(0x00000001718a8000,0x000000017192b000)]

Other Threads:
  0x000000013b70b1a0 VMThread "VM Thread" [stack: 0x000000016e464000,0x000000016e667000] [id=18947]
  0x0000000123504440 WatcherThread [stack: 0x000000016fe0c000,0x000000017000f000] [id=40707]
  0x000000013b706f90 GCTaskThread "GC Thread#0" [stack: 0x000000016da28000,0x000000016dc2b000] [id=21251]
  0x000000013b7466a0 GCTaskThread "GC Thread#1" [stack: 0x0000000170c60000,0x0000000170e63000] [id=47875]
  0x000000013b746b90 GCTaskThread "GC Thread#2" [stack: 0x0000000170e6c000,0x000000017106f000] [id=48387]
  0x000000013b747010 GCTaskThread "GC Thread#3" [stack: 0x0000000171078000,0x000000017127b000] [id=48899]
  0x000000013b619c70 GCTaskThread "GC Thread#4" [stack: 0x0000000171284000,0x0000000171487000] [id=82947]
  0x000000013b61dac0 GCTaskThread "GC Thread#5" [stack: 0x0000000171490000,0x0000000171693000] [id=49667]
  0x000000013b61e480 GCTaskThread "GC Thread#6" [stack: 0x000000017169c000,0x000000017189f000] [id=50179]
  0x000000013d849bb0 GCTaskThread "GC Thread#7" [stack: 0x0000000171b64000,0x0000000171d67000] [id=56583]
  0x000000013b604fc0 ConcurrentGCThread "G1 Main Marker" [stack: 0x000000016dc34000,0x000000016de37000] [id=13827]
  0x000000013b605840 ConcurrentGCThread "G1 Conc#0" [stack: 0x000000016de40000,0x000000016e043000] [id=20483]
  0x000000013b788950 ConcurrentGCThread "G1 Conc#1" [stack: 0x0000000172214000,0x0000000172417000] [id=64551]
  0x000000013b6076b0 ConcurrentGCThread "G1 Refine#0" [stack: 0x000000016e04c000,0x000000016e24f000] [id=14851]
  0x000000013b707550 ConcurrentGCThread "G1 Service" [stack: 0x000000016e258000,0x000000016e45b000] [id=19971]

Threads with active compile tasks:

VM state: not at safepoint (normal execution)

VM Mutex/Monitor currently owned by a thread: None

Heap address: 0x0000000780000000, size: 2048 MB, Compressed Oops mode: Zero based, Oop shift amount: 3

CDS archive(s) mapped at: [0x0000000800000000-0x0000000800bd4000-0x0000000800bd4000), size 12402688, SharedBaseAddress: 0x0000000800000000, ArchiveRelocationMode: 0.
Compressed class space mapped at: 0x0000000800c00000-0x0000000840c00000, reserved size: 1073741824
Narrow klass base: 0x0000000800000000, Narrow klass shift: 0, Narrow klass range: 0x100000000

GC Precious Log:
 CPUs: 8 total, 8 available
 Memory: 8192M
 Large Page Support: Disabled
 NUMA Support: Disabled
 Compressed Oops: Enabled (Zero based)
 Heap Region Size: 1M
 Heap Min Capacity: 8M
 Heap Initial Capacity: 128M
 Heap Max Capacity: 2G
 Pre-touch: Disabled
 Parallel Workers: 8
 Concurrent Workers: 2
 Concurrent Refinement Workers: 8
 Periodic GC: Disabled

Heap:
 garbage-first heap   total 58368K, used 25068K [0x0000000780000000, 0x0000000800000000)
  region size 1024K, 17 young (17408K), 6 survivors (6144K)
 Metaspace       used 23512K, committed 23744K, reserved 1073152K
  class space    used 3269K, committed 3392K, reserved 1048576K

Heap Regions: E=young(eden), S=young(survivor), O=old, HS=humongous(starts), HC=humongous(continues), CS=collection set, F=free, OA=open archive, CA=closed archive, TAMS=top-at-mark-start (previous, next)
|   0|0x0000000780000000, 0x0000000780100000, 0x0000000780100000|100%| O|  |TAMS 0x0000000780100000, 0x0000000780000000| Untracked 
|   1|0x0000000780100000, 0x0000000780200000, 0x0000000780200000|100%| O|  |TAMS 0x0000000780200000, 0x0000000780100000| Untracked 
|   2|0x0000000780200000, 0x0000000780300000, 0x0000000780300000|100%| O|  |TAMS 0x0000000780300000, 0x0000000780200000| Untracked 
|   3|0x0000000780300000, 0x0000000780400000, 0x0000000780400000|100%| O|  |TAMS 0x0000000780400000, 0x0000000780300000| Complete 
|   4|0x0000000780400000, 0x0000000780500000, 0x0000000780500000|100%| O|  |TAMS 0x0000000780500000, 0x0000000780400000| Untracked 
|   5|0x0000000780500000, 0x0000000780600000, 0x0000000780600000|100%| O|  |TAMS 0x0000000780600000, 0x0000000780500000| Untracked 
|   6|0x0000000780600000, 0x0000000780700000, 0x0000000780700000|100%|HS|  |TAMS 0x0000000780700000, 0x0000000780600000| Complete 
|   7|0x0000000780700000, 0x0000000780800000, 0x0000000780800000|100%|HC|  |TAMS 0x0000000780800000, 0x0000000780700000| Complete 
|   8|0x0000000780800000, 0x0000000780800000, 0x0000000780900000|  0%| F|  |TAMS 0x0000000780800000, 0x0000000780800000| Untracked 
|   9|0x0000000780900000, 0x0000000780900000, 0x0000000780a00000|  0%| F|  |TAMS 0x0000000780900000, 0x0000000780900000| Untracked 
|  10|0x0000000780a00000, 0x0000000780a00000, 0x0000000780b00000|  0%| F|  |TAMS 0x0000000780a00000, 0x0000000780a00000| Untracked 
|  11|0x0000000780b00000, 0x0000000780b00000, 0x0000000780c00000|  0%| F|  |TAMS 0x0000000780b00000, 0x0000000780b00000| Untracked 
|  12|0x0000000780c00000, 0x0000000780c00000, 0x0000000780d00000|  0%| F|  |TAMS 0x0000000780c00000, 0x0000000780c00000| Untracked 
|  13|0x0000000780d00000, 0x0000000780d00000, 0x0000000780e00000|  0%| F|  |TAMS 0x0000000780d00000, 0x0000000780d00000| Untracked 
|  14|0x0000000780e00000, 0x0000000780e00000, 0x0000000780f00000|  0%| F|  |TAMS 0x0000000780e00000, 0x0000000780e00000| Untracked 
|  15|0x0000000780f00000, 0x0000000780f00000, 0x0000000781000000|  0%| F|  |TAMS 0x0000000780f00000, 0x0000000780f00000| Untracked 
|  16|0x0000000781000000, 0x0000000781000000, 0x0000000781100000|  0%| F|  |TAMS 0x0000000781000000, 0x0000000781000000| Untracked 
|  17|0x0000000781100000, 0x0000000781100000, 0x0000000781200000|  0%| F|  |TAMS 0x0000000781100000, 0x0000000781100000| Untracked 
|  18|0x0000000781200000, 0x0000000781200000, 0x0000000781300000|  0%| F|  |TAMS 0x0000000781200000, 0x0000000781200000| Untracked 
|  19|0x0000000781300000, 0x0000000781300000, 0x0000000781400000|  0%| F|  |TAMS 0x0000000781300000, 0x0000000781300000| Untracked 
|  20|0x0000000781400000, 0x0000000781400000, 0x0000000781500000|  0%| F|  |TAMS 0x0000000781400000, 0x0000000781400000| Untracked 
|  21|0x0000000781500000, 0x0000000781500000, 0x0000000781600000|  0%| F|  |TAMS 0x0000000781500000, 0x0000000781500000| Untracked 
|  22|0x0000000781600000, 0x0000000781600000, 0x0000000781700000|  0%| F|  |TAMS 0x0000000781600000, 0x0000000781600000| Untracked 
|  23|0x0000000781700000, 0x0000000781700000, 0x0000000781800000|  0%| F|  |TAMS 0x0000000781700000, 0x0000000781700000| Untracked 
|  24|0x0000000781800000, 0x0000000781800000, 0x0000000781900000|  0%| F|  |TAMS 0x0000000781800000, 0x0000000781800000| Untracked 
|  25|0x0000000781900000, 0x0000000781900000, 0x0000000781a00000|  0%| F|  |TAMS 0x0000000781900000, 0x0000000781900000| Untracked 
|  26|0x0000000781a00000, 0x0000000781a00000, 0x0000000781b00000|  0%| F|  |TAMS 0x0000000781a00000, 0x0000000781a00000| Untracked 
|  27|0x0000000781b00000, 0x0000000781b00000, 0x0000000781c00000|  0%| F|  |TAMS 0x0000000781b00000, 0x0000000781b00000| Untracked 
|  28|0x0000000781c00000, 0x0000000781c00000, 0x0000000781d00000|  0%| F|  |TAMS 0x0000000781c00000, 0x0000000781c00000| Untracked 
|  29|0x0000000781d00000, 0x0000000781d00000, 0x0000000781e00000|  0%| F|  |TAMS 0x0000000781d00000, 0x0000000781d00000| Untracked 
|  30|0x0000000781e00000, 0x0000000781e00000, 0x0000000781f00000|  0%| F|  |TAMS 0x0000000781e00000, 0x0000000781e00000| Untracked 
|  31|0x0000000781f00000, 0x0000000781f00000, 0x0000000782000000|  0%| F|  |TAMS 0x0000000781f00000, 0x0000000781f00000| Untracked 
|  32|0x0000000782000000, 0x0000000782000000, 0x0000000782100000|  0%| F|  |TAMS 0x0000000782000000, 0x0000000782000000| Untracked 
|  33|0x0000000782100000, 0x0000000782100000, 0x0000000782200000|  0%| F|  |TAMS 0x0000000782100000, 0x0000000782100000| Untracked 
|  34|0x0000000782200000, 0x0000000782200000, 0x0000000782300000|  0%| F|  |TAMS 0x0000000782200000, 0x0000000782200000| Untracked 
|  35|0x0000000782300000, 0x0000000782300000, 0x0000000782400000|  0%| F|  |TAMS 0x0000000782300000, 0x0000000782300000| Untracked 
|  36|0x0000000782400000, 0x0000000782400000, 0x0000000782500000|  0%| F|  |TAMS 0x0000000782400000, 0x0000000782400000| Untracked 
|  37|0x0000000782500000, 0x0000000782500000, 0x0000000782600000|  0%| F|  |TAMS 0x0000000782500000, 0x0000000782500000| Untracked 
|  38|0x0000000782600000, 0x0000000782600800, 0x0000000782700000|  0%| E|  |TAMS 0x0000000782600000, 0x0000000782600000| Complete 
|  39|0x0000000782700000, 0x0000000782800000, 0x0000000782800000|100%| E|CS|TAMS 0x0000000782700000, 0x0000000782700000| Complete 
|  40|0x0000000782800000, 0x0000000782900000, 0x0000000782900000|100%| E|CS|TAMS 0x0000000782800000, 0x0000000782800000| Complete 
|  41|0x0000000782900000, 0x0000000782a00000, 0x0000000782a00000|100%| E|CS|TAMS 0x0000000782900000, 0x0000000782900000| Complete 
|  42|0x0000000782a00000, 0x0000000782b00000, 0x0000000782b00000|100%| E|CS|TAMS 0x0000000782a00000, 0x0000000782a00000| Complete 
|  43|0x0000000782b00000, 0x0000000782c00000, 0x0000000782c00000|100%| E|CS|TAMS 0x0000000782b00000, 0x0000000782b00000| Complete 
|  44|0x0000000782c00000, 0x0000000782d00000, 0x0000000782d00000|100%| E|CS|TAMS 0x0000000782c00000, 0x0000000782c00000| Complete 
|  45|0x0000000782d00000, 0x0000000782e00000, 0x0000000782e00000|100%| E|CS|TAMS 0x0000000782d00000, 0x0000000782d00000| Complete 
|  46|0x0000000782e00000, 0x0000000782f00000, 0x0000000782f00000|100%| E|CS|TAMS 0x0000000782e00000, 0x0000000782e00000| Complete 
|  47|0x0000000782f00000, 0x0000000783000000, 0x0000000783000000|100%| E|CS|TAMS 0x0000000782f00000, 0x0000000782f00000| Complete 
| 105|0x0000000786900000, 0x0000000786983200, 0x0000000786a00000| 51%| S|CS|TAMS 0x0000000786900000, 0x0000000786900000| Complete 
| 106|0x0000000786a00000, 0x0000000786b00000, 0x0000000786b00000|100%| S|CS|TAMS 0x0000000786a00000, 0x0000000786a00000| Complete 
| 107|0x0000000786b00000, 0x0000000786c00000, 0x0000000786c00000|100%| S|CS|TAMS 0x0000000786b00000, 0x0000000786b00000| Complete 
| 108|0x0000000786c00000, 0x0000000786d00000, 0x0000000786d00000|100%| S|CS|TAMS 0x0000000786c00000, 0x0000000786c00000| Complete 
| 109|0x0000000786d00000, 0x0000000786e00000, 0x0000000786e00000|100%| S|CS|TAMS 0x0000000786d00000, 0x0000000786d00000| Complete 
| 110|0x0000000786e00000, 0x0000000786f00000, 0x0000000786f00000|100%| S|CS|TAMS 0x0000000786e00000, 0x0000000786e00000| Complete 
| 127|0x0000000787f00000, 0x0000000788000000, 0x0000000788000000|100%| E|CS|TAMS 0x0000000787f00000, 0x0000000787f00000| Complete 
|2046|0x00000007ffe00000, 0x00000007ffe78000, 0x00000007fff00000| 46%|OA|  |TAMS 0x00000007ffe78000, 0x00000007ffe00000| Untracked 
|2047|0x00000007fff00000, 0x00000007fff80000, 0x0000000800000000| 50%|CA|  |TAMS 0x00000007fff80000, 0x00000007fff00000| Untracked 

Card table byte_map: [0x0000000102fa8000,0x00000001033a8000] _byte_map_base: 0x00000000ff3a8000

Marking Bits (Prev, Next): (CMBitMap*) 0x000000013b808c50, (CMBitMap*) 0x000000013b808c10
 Prev Bits: [0x000000011cf24000, 0x000000011ef24000)
 Next Bits: [0x000000011af24000, 0x000000011cf24000)

Polling page: 0x00000001027f4000

Metaspace:

Usage:
  Non-class:     19.77 MB used.
      Class:      3.19 MB used.
       Both:     22.96 MB used.

Virtual space:
  Non-class space:       24.00 MB reserved,      19.88 MB ( 83%) committed,  3 nodes.
      Class space:        1.00 GB reserved,       3.31 MB ( <1%) committed,  1 nodes.
             Both:        1.02 GB reserved,      23.19 MB (  2%) committed. 

Chunk freelists:
   Non-Class:  3.84 MB
       Class:  752.00 KB
        Both:  4.58 MB

MaxMetaspaceSize: unlimited
CompressedClassSpaceSize: 1.00 GB
Initial GC threshold: 21.00 MB
Current GC threshold: 35.12 MB
CDS: on
MetaspaceReclaimPolicy: balanced
 - commit_granule_bytes: 65536.
 - commit_granule_words: 8192.
 - virtual_space_node_default_size: 1048576.
 - enlarge_chunks_in_place: 1.
 - new_chunks_are_fully_committed: 0.
 - uncommit_free_chunks: 1.
 - use_allocation_guard: 0.
 - handle_deallocations: 1.


Internal statistics:

num_allocs_failed_limit: 3.
num_arena_births: 208.
num_arena_deaths: 2.
num_vsnodes_births: 4.
num_vsnodes_deaths: 0.
num_space_committed: 371.
num_space_uncommitted: 0.
num_chunks_returned_to_freelist: 7.
num_chunks_taken_from_freelist: 952.
num_chunk_merges: 3.
num_chunk_splits: 690.
num_chunks_enlarged: 554.
num_purges: 2.
num_inconsistent_stats: 0.

CodeHeap 'non-profiled nmethods': size=120032Kb used=1356Kb max_used=1356Kb free=118675Kb
 bounds [0x00000001139ec000, 0x0000000113c5c000, 0x000000011af24000]
CodeHeap 'profiled nmethods': size=120016Kb used=7567Kb max_used=7567Kb free=112448Kb
 bounds [0x000000010c4b8000, 0x000000010cc28000, 0x00000001139ec000]
CodeHeap 'non-nmethods': size=5712Kb used=1430Kb max_used=1510Kb free=4281Kb
 bounds [0x000000010bf24000, 0x000000010c194000, 0x000000010c4b8000]
 total_blobs=4251 nmethods=3420 adapters=746
 compilation: enabled
              stopped_count=0, restarted_count=0
 full_count=0

Compilation events (20 events):
Event: 18.004 Thread 0x000000013d00a800 3481       3       javafx.event.Event::fireEvent (35 bytes)
Event: 18.004 Thread 0x000000013d00a200 3482       4       javafx.scene.Node::getScene (11 bytes)
Event: 18.004 Thread 0x000000013d00a800 nmethod 3481 0x000000010cc0ab10 code [0x000000010cc0ad00, 0x000000010cc0b038]
Event: 18.005 Thread 0x000000013d00a200 nmethod 3482 0x0000000113b3cf10 code [0x0000000113b3d0c0, 0x0000000113b3d210]
Event: 18.017 Thread 0x000000013d00a800 3484   !   3       javafx.scene.CssStyleHelper::transitionToState (1031 bytes)
Event: 18.018 Thread 0x000000013d00a200 3486       4       javafx.scene.layout.Region::_getSnapScaleXimpl (22 bytes)
Event: 18.020 Thread 0x000000013d00a200 nmethod 3486 0x0000000113b3d310 code [0x0000000113b3d4c0, 0x0000000113b3d6d0]
Event: 18.025 Thread 0x000000013d00a800 nmethod 3484 0x000000010cc0b190 code [0x000000010cc0bf80, 0x000000010cc13298]
Event: 18.025 Thread 0x000000013d00a800 3485       3       javafx.scene.CssStyleHelper::getTransitionStates (144 bytes)
Event: 18.026 Thread 0x000000013d00a800 nmethod 3485 0x000000010cc16510 code [0x000000010cc16880, 0x000000010cc17dd8]
Event: 18.026 Thread 0x000000013d00a800 3487       1       com.sun.javafx.geom.DirtyRegionContainer::size (5 bytes)
Event: 18.026 Thread 0x000000013d00a800 nmethod 3487 0x0000000113b3d890 code [0x0000000113b3da00, 0x0000000113b3dae8]
Event: 18.026 Thread 0x000000013d00a800 3483       1       javafx.scene.control.Control::skinProperty (5 bytes)
Event: 18.026 Thread 0x000000013d00a800 nmethod 3483 0x0000000113b3db90 code [0x0000000113b3dd00, 0x0000000113b3dde8]
Event: 18.202 Thread 0x000000013d00a800 3488       3       javafx.scene.Node::sceneToLocal (21 bytes)
Event: 18.203 Thread 0x000000013d00a800 nmethod 3488 0x000000010cc18490 code [0x000000010cc18800, 0x000000010cc19f18]
Event: 18.203 Thread 0x000000013d00a800 3489       3       javafx.scene.Node::parentToLocal (15 bytes)
Event: 18.203 Thread 0x000000013d00a800 nmethod 3489 0x000000010cc1a410 code [0x000000010cc1a5c0, 0x000000010cc1a908]
Event: 18.217 Thread 0x000000013d00a200 3490       4       javafx.scene.Node::updateLocalToParentTransform (442 bytes)
Event: 18.220 Thread 0x000000013d00a800 3491       3       java.util.concurrent.locks.AbstractQueuedSynchronizer::acquire (20 bytes)

GC Heap History (6 events):
Event: 1.431 GC heap before
{Heap before GC invocations=0 (full 0):
 garbage-first heap   total 133120K, used 24544K [0x0000000780000000, 0x0000000800000000)
  region size 1024K, 23 young (23552K), 0 survivors (0K)
 Metaspace       used 9604K, committed 9792K, reserved 1064960K
  class space    used 1097K, committed 1216K, reserved 1048576K
}
Event: 1.440 GC heap after
{Heap after GC invocations=1 (full 0):
 garbage-first heap   total 133120K, used 7200K [0x0000000780000000, 0x0000000800000000)
  region size 1024K, 3 young (3072K), 3 survivors (3072K)
 Metaspace       used 9604K, committed 9792K, reserved 1064960K
  class space    used 1097K, committed 1216K, reserved 1048576K
}
Event: 2.009 GC heap before
{Heap before GC invocations=1 (full 0):
 garbage-first heap   total 133120K, used 35872K [0x0000000780000000, 0x0000000800000000)
  region size 1024K, 32 young (32768K), 3 survivors (3072K)
 Metaspace       used 17923K, committed 18176K, reserved 1073152K
  class space    used 2376K, committed 2496K, reserved 1048576K
}
Event: 2.013 GC heap after
{Heap after GC invocations=2 (full 0):
 garbage-first heap   total 133120K, used 10774K [0x0000000780000000, 0x0000000800000000)
  region size 1024K, 4 young (4096K), 4 survivors (4096K)
 Metaspace       used 17923K, committed 18176K, reserved 1073152K
  class space    used 2376K, committed 2496K, reserved 1048576K
}
Event: 17.219 GC heap before
{Heap before GC invocations=2 (full 0):
 garbage-first heap   total 133120K, used 29206K [0x0000000780000000, 0x0000000800000000)
  region size 1024K, 21 young (21504K), 4 survivors (4096K)
 Metaspace       used 21269K, committed 21504K, reserved 1073152K
  class space    used 2740K, committed 2880K, reserved 1048576K
}
Event: 17.222 GC heap after
{Heap after GC invocations=3 (full 0):
 garbage-first heap   total 133120K, used 14828K [0x0000000780000000, 0x0000000800000000)
  region size 1024K, 6 young (6144K), 6 survivors (6144K)
 Metaspace       used 21269K, committed 21504K, reserved 1073152K
  class space    used 2740K, committed 2880K, reserved 1048576K
}

Deoptimization events (20 events):
Event: 17.307 Thread 0x000000013e181200 Uncommon trap: trap_request=0xffffff45 fr.pc=0x0000000113aa8118 relative=0x00000000000003d8
Event: 17.307 Thread 0x000000013e181200 Uncommon trap: reason=unstable_if action=reinterpret pc=0x0000000113aa8118 method=com.sun.javafx.css.BitSet.add(Ljava/lang/Object;)Z @ 91 c2
Event: 17.307 Thread 0x000000013e181200 DEOPT PACKING pc=0x0000000113aa8118 sp=0x000000016d7872d0
Event: 17.307 Thread 0x000000013e181200 DEOPT UNPACKING pc=0x000000010bf62d1c sp=0x000000016d787250 mode 2
Event: 17.314 Thread 0x000000013e181200 DEOPT PACKING pc=0x000000010cbd4da4 sp=0x000000016d787b20
Event: 17.314 Thread 0x000000013e181200 DEOPT UNPACKING pc=0x000000010bf62b7c sp=0x000000016d787810 mode 3
Event: 17.315 Thread 0x000000013e00e600 Uncommon trap: trap_request=0xffffff45 fr.pc=0x0000000113afb39c relative=0x000000000000155c
Event: 17.315 Thread 0x000000013e00e600 Uncommon trap: reason=unstable_if action=reinterpret pc=0x0000000113afb39c method=com.sun.prism.impl.BaseContext.flushMask()V @ 11 c2
Event: 17.315 Thread 0x000000013e00e600 DEOPT PACKING pc=0x0000000113afb39c sp=0x00000001706315e0
Event: 17.315 Thread 0x000000013e00e600 DEOPT UNPACKING pc=0x000000010bf62d1c sp=0x00000001706313e0 mode 2
Event: 17.317 Thread 0x000000013e00e600 Uncommon trap: trap_request=0xffffff45 fr.pc=0x0000000113ae50bc relative=0x000000000000007c
Event: 17.317 Thread 0x000000013e00e600 Uncommon trap: reason=unstable_if action=reinterpret pc=0x0000000113ae50bc method=com.sun.javafx.font.CompositeStrike.getStrikeSlot(I)Lcom/sun/javafx/font/FontStrike; @ 8 c2
Event: 17.317 Thread 0x000000013e00e600 DEOPT PACKING pc=0x0000000113ae50bc sp=0x0000000170630ea0
Event: 17.317 Thread 0x000000013e00e600 DEOPT UNPACKING pc=0x000000010bf62d1c sp=0x0000000170630e00 mode 2
Event: 17.317 Thread 0x000000013e00e600 Uncommon trap: trap_request=0xffffff45 fr.pc=0x0000000113af0970 relative=0x0000000000000330
Event: 17.317 Thread 0x000000013e00e600 Uncommon trap: reason=unstable_if action=reinterpret pc=0x0000000113af0970 method=com.sun.prism.impl.GlyphCache.getCachedGlyph(II)Lcom/sun/prism/impl/GlyphCache$GlyphData; @ 43 c2
Event: 17.317 Thread 0x000000013e00e600 DEOPT PACKING pc=0x0000000113af0970 sp=0x0000000170631480
Event: 17.317 Thread 0x000000013e00e600 DEOPT UNPACKING pc=0x000000010bf62d1c sp=0x0000000170631340 mode 2
Event: 17.721 Thread 0x000000013e181200 DEOPT PACKING pc=0x000000010c8dd92c sp=0x000000016d789dc0
Event: 17.721 Thread 0x000000013e181200 DEOPT UNPACKING pc=0x000000010bf62b7c sp=0x000000016d789a50 mode 3

Classes unloaded (1 events):
Event: 17.228 Thread 0x000000013b70b1a0 Unloading class 0x0000000800d00800 'objectdb/java/util/Vector'

Classes redefined (0 events):
No events

Internal exceptions (20 events):
Event: 1.515 Thread 0x000000013e181200 Exception <a 'java/lang/NoSuchMethodError'{0x0000000787df9c80}: 'void java.lang.invoke.DirectMethodHandle$Holder.invokeStaticInit(java.lang.Object)'> (0x0000000787df9c80) 
thrown [open/src/hotspot/share/interpreter/linkResolver.cpp, line 766]
Event: 1.563 Thread 0x000000013e181200 Exception <a 'java/lang/NoSuchMethodError'{0x00000007877e75d8}: 'java.lang.Object java.lang.invoke.DirectMethodHandle$Holder.invokeStaticInit(java.lang.Object, java.lang.Object, java.lang.Object, java.lang.Object)'> (0x00000007877e75d8) 
thrown [open/src/hotspot/share/interpreter/linkResolver.cpp, line 766]
Event: 1.564 Thread 0x000000013e181200 Exception <a 'java/lang/NullPointerException'{0x00000007877f2118}> (0x00000007877f2118) 
thrown [open/src/hotspot/share/interpreter/linkResolver.cpp, line 1357]
Event: 1.571 Thread 0x000000013e181200 Exception <a 'java/lang/NoSuchMethodError'{0x00000007875544c0}: 'java.lang.Object java.lang.invoke.DirectMethodHandle$Holder.invokeSpecial(java.lang.Object, java.lang.Object, java.lang.Object, int, java.lang.Object)'> (0x00000007875544c0) 
thrown [open/src/hotspot/share/interpreter/linkResolver.cpp, line 766]
Event: 1.833 Thread 0x000000013e181200 Exception <a 'java/lang/NoSuchMethodError'{0x000000078709a6b8}: 'void java.lang.invoke.DirectMethodHandle$Holder.invokeStaticInit(java.lang.Object, java.lang.Object)'> (0x000000078709a6b8) 
thrown [open/src/hotspot/share/interpreter/linkResolver.cpp, line 766]
Event: 1.835 Thread 0x000000013e181200 Exception <a 'java/lang/NoSuchMethodError'{0x00000007870c64e0}: 'void java.lang.invoke.DirectMethodHandle$Holder.invokeSpecial(java.lang.Object, java.lang.Object, java.lang.Object, java.lang.Object, java.lang.Object)'> (0x00000007870c64e0) 
thrown [open/src/hotspot/share/interpreter/linkResolver.cpp, line 766]
Event: 1.949 Thread 0x000000013e181200 Implicit null exception at 0x0000000113a68b78 to 0x0000000113a68c08
Event: 1.955 Thread 0x000000013e181200 Implicit null exception at 0x0000000113a706d4 to 0x0000000113a709b4
Event: 1.956 Thread 0x000000013e181200 Implicit null exception at 0x0000000113a71054 to 0x0000000113a71358
Event: 2.098 Thread 0x000000013e181200 Exception <a 'java/lang/NoSuchMethodError'{0x0000000787b080d0}: 'java.lang.Object java.lang.invoke.DirectMethodHandle$Holder.invokeInterface(java.lang.Object, java.lang.Object, java.lang.Object)'> (0x0000000787b080d0) 
thrown [open/src/hotspot/share/interpreter/linkResolver.cpp, line 766]
Event: 2.098 Thread 0x000000013e181200 Exception <a 'java/lang/IncompatibleClassChangeError'{0x0000000787b0ba58}: Found class java.lang.Object, but interface was expected> (0x0000000787b0ba58) 
thrown [open/src/hotspot/share/interpreter/linkResolver.cpp, line 833]
Event: 2.120 Thread 0x000000013e181200 Exception <a 'java/lang/NoSuchMethodError'{0x0000000787a79eb8}: 'java.lang.Object java.lang.invoke.DirectMethodHandle$Holder.newInvokeSpecial(java.lang.Object, java.lang.Object, int)'> (0x0000000787a79eb8) 
thrown [open/src/hotspot/share/interpreter/linkResolver.cpp, line 766]
Event: 2.162 Thread 0x000000013e00e600 Exception <a 'java/lang/NoSuchMethodError'{0x00000007879cd7d8}: 'int java.lang.invoke.DirectMethodHandle$Holder.invokeStaticInit(java.lang.Object, java.lang.Object)'> (0x00000007879cd7d8) 
thrown [open/src/hotspot/share/interpreter/linkResolver.cpp, line 766]
Event: 17.119 Thread 0x000000013e181200 Exception <a 'java/lang/NoSuchMethodError'{0x0000000787382c30}: 'long java.lang.invoke.DirectMethodHandle$Holder.invokeStatic(java.lang.Object, java.lang.Object, java.lang.Object)'> (0x0000000787382c30) 
thrown [open/src/hotspot/share/interpreter/linkResolver.cpp, line 766]
Event: 17.119 Thread 0x000000013e181200 Exception <a 'java/lang/NoSuchMethodError'{0x00000007873863d8}: 'long java.lang.invoke.DirectMethodHandle$Holder.invokeStaticInit(java.lang.Object, java.lang.Object, java.lang.Object)'> (0x00000007873863d8) 
thrown [open/src/hotspot/share/interpreter/linkResolver.cpp, line 766]
Event: 17.121 Thread 0x000000013e181200 Exception <a 'java/lang/NoSuchMethodError'{0x000000078739dfe0}: 'java.lang.Object java.lang.invoke.DirectMethodHandle$Holder.newInvokeSpecial(java.lang.Object, java.lang.Object, long)'> (0x000000078739dfe0) 
thrown [open/src/hotspot/share/interpreter/linkResolver.cpp, line 766]
Event: 17.121 Thread 0x000000013e181200 Exception <a 'java/lang/NoSuchMethodError'{0x00000007873a18a8}: 'java.lang.Object java.lang.invoke.Invokers$Holder.linkToTargetMethod(java.lang.Object, long, java.lang.Object)'> (0x00000007873a18a8) 
thrown [open/src/hotspot/share/interpreter/linkResolver.cpp, line 766]
Event: 17.222 Thread 0x000000013e181200 Exception <a 'java/lang/NoSuchMethodError'{0x0000000787f00f48}: 'void java.lang.invoke.DirectMethodHandle$Holder.invokeSpecialIFC(java.lang.Object, java.lang.Object, java.lang.Object, java.lang.Object)'> (0x0000000787f00f48) 
thrown [open/src/hotspot/share/interpreter/linkResolver.cpp, line 766]
Event: 17.253 Thread 0x000000013e181200 Implicit null exception at 0x0000000113af967c to 0x0000000113af96ec
Event: 17.288 Thread 0x000000013e181200 Exception <a 'java/lang/NoSuchMethodError'{0x0000000782a58da0}: 'int java.lang.invoke.DirectMethodHandle$Holder.invokeSpecial(java.lang.Object, java.lang.Object, int)'> (0x0000000782a58da0) 
thrown [open/src/hotspot/share/interpreter/linkResolver.cpp, line 766]

VM Operations (20 events):
Event: 17.214 Executing VM operation: ICBufferFull
Event: 17.214 Executing VM operation: ICBufferFull done
Event: 17.218 Executing VM operation: CollectForMetadataAllocation
Event: 17.222 Executing VM operation: CollectForMetadataAllocation done
Event: 17.228 Executing VM operation: G1Concurrent
Event: 17.233 Executing VM operation: G1Concurrent done
Event: 17.235 Executing VM operation: G1Concurrent
Event: 17.235 Executing VM operation: G1Concurrent done
Event: 17.253 Executing VM operation: HandshakeAllThreads
Event: 17.253 Executing VM operation: HandshakeAllThreads done
Event: 17.255 Executing VM operation: HandshakeAllThreads
Event: 17.255 Executing VM operation: HandshakeAllThreads done
Event: 17.281 Executing VM operation: HandshakeAllThreads
Event: 17.281 Executing VM operation: HandshakeAllThreads done
Event: 17.301 Executing VM operation: ICBufferFull
Event: 17.301 Executing VM operation: ICBufferFull done
Event: 17.310 Executing VM operation: HandshakeAllThreads
Event: 17.311 Executing VM operation: HandshakeAllThreads done
Event: 17.718 Executing VM operation: ICBufferFull
Event: 17.718 Executing VM operation: ICBufferFull done

Events (20 events):
Event: 12.801 Protecting memory [0x00000001718a8000,0x00000001718b4000] with protection modes 0
Event: 12.801 Thread 0x000000013cb4c200 Thread added: 0x000000013cb4c200
Event: 16.318 Protecting memory [0x00000001718a8000,0x00000001718b4000] with protection modes 3
Event: 16.318 Thread 0x000000013cb4c200 Thread exited: 0x000000013cb4c200
Event: 16.418 Protecting memory [0x00000001718a8000,0x00000001718b4000] with protection modes 0
Event: 16.418 Thread 0x000000013e45b800 Thread added: 0x000000013e45b800
Event: 16.701 Protecting memory [0x00000001718a8000,0x00000001718b4000] with protection modes 3
Event: 16.701 Thread 0x000000013e45b800 Thread exited: 0x000000013e45b800
Event: 16.884 Protecting memory [0x00000001718a8000,0x00000001718b4000] with protection modes 0
Event: 16.884 Thread 0x000000013c037200 Thread added: 0x000000013c037200
Event: 17.271 loading class java/lang/FdLibm$Hypot
Event: 17.271 loading class java/lang/FdLibm$Hypot done
Event: 17.271 loading class java/lang/FdLibm
Event: 17.271 loading class java/lang/FdLibm done
Event: 17.275 loading class java/util/BitSet$1BitSetSpliterator
Event: 17.275 loading class java/util/BitSet$1BitSetSpliterator done
Event: 17.275 loading class java/util/stream/IntPipeline$1
Event: 17.276 loading class java/util/stream/IntPipeline$1 done
Event: 17.276 loading class java/util/stream/IntPipeline$1$1
Event: 17.276 loading class java/util/stream/IntPipeline$1$1 done


Dynamic libraries:
0x00000001027a4000 	/Users/abdu/Library/Java/JavaVirtualMachines/openjdk-17.0.2/Contents/Home/lib/libjli.dylib
0x00000001cadf1000 	/usr/lib/libz.1.dylib
0x00000001caea1000 	/usr/lib/libSystem.B.dylib
0x00000001cae9b000 	/usr/lib/system/libcache.dylib
0x00000001cae59000 	/usr/lib/system/libcommonCrypto.dylib
0x00000001cae82000 	/usr/lib/system/libcompiler_rt.dylib
0x00000001cae79000 	/usr/lib/system/libcopyfile.dylib
0x00000001c01da000 	/usr/lib/system/libcorecrypto.dylib
0x00000001c027f000 	/usr/lib/system/libdispatch.dylib
0x00000001c0447000 	/usr/lib/system/libdyld.dylib
0x00000001cae91000 	/usr/lib/system/libkeymgr.dylib
0x00000001cae3b000 	/usr/lib/system/libmacho.dylib
0x00000001ca53b000 	/usr/lib/system/libquarantine.dylib
0x00000001cae8e000 	/usr/lib/system/libremovefile.dylib
0x00000001c55d9000 	/usr/lib/system/libsystem_asl.dylib
0x00000001c0184000 	/usr/lib/system/libsystem_blocks.dylib
0x00000001c0305000 	/usr/lib/system/libsystem_c.dylib
0x00000001cae86000 	/usr/lib/system/libsystem_collections.dylib
0x00000001c99fa000 	/usr/lib/system/libsystem_configuration.dylib
0x00000001c8c7e000 	/usr/lib/system/libsystem_containermanager.dylib
0x00000001caba2000 	/usr/lib/system/libsystem_coreservices.dylib
0x00000001c2b6b000 	/usr/lib/system/libsystem_darwin.dylib
0x00000001cae92000 	/usr/lib/system/libsystem_dnssd.dylib
0x00000001c0302000 	/usr/lib/system/libsystem_featureflags.dylib
0x00000001c045c000 	/usr/lib/system/libsystem_info.dylib
0x00000001cae03000 	/usr/lib/system/libsystem_m.dylib
0x00000001c0254000 	/usr/lib/system/libsystem_malloc.dylib
0x00000001c556a000 	/usr/lib/system/libsystem_networkextension.dylib
0x00000001c2fbf000 	/usr/lib/system/libsystem_notify.dylib
0x00000001d10a5000 	/usr/lib/system/libsystem_product_info_filter.dylib
0x00000001c99ff000 	/usr/lib/system/libsystem_sandbox.dylib
0x00000001cae8b000 	/usr/lib/system/libsystem_secinit.dylib
0x00000001c0404000 	/usr/lib/system/libsystem_kernel.dylib
0x00000001c0454000 	/usr/lib/system/libsystem_platform.dylib
0x00000001c043a000 	/usr/lib/system/libsystem_pthread.dylib
0x00000001c6d16000 	/usr/lib/system/libsystem_symptoms.dylib
0x00000001c01c0000 	/usr/lib/system/libsystem_trace.dylib
0x00000001cae66000 	/usr/lib/system/libunwind.dylib
0x00000001c0186000 	/usr/lib/system/libxpc.dylib
0x00000001c03ea000 	/usr/lib/libc++abi.dylib
0x00000001c02c6000 	/usr/lib/libobjc.A.dylib
0x00000001cae71000 	/usr/lib/liboah.dylib
0x00000001c0386000 	/usr/lib/libc++.1.dylib
0x00000001d6aa6000 	/System/Library/Frameworks/Cocoa.framework/Versions/A/Cocoa
0x00000001c301f000 	/System/Library/Frameworks/AppKit.framework/Versions/C/AppKit
0x00000001c6555000 	/System/Library/Frameworks/CoreData.framework/Versions/A/CoreData
0x00000001c137c000 	/System/Library/Frameworks/Foundation.framework/Versions/C/Foundation
0x00000001c3ed6000 	/System/Library/PrivateFrameworks/UIFoundation.framework/Versions/A/UIFoundation
0x00000001d0d9f000 	/System/Library/PrivateFrameworks/RemoteViewServices.framework/Versions/A/RemoteViewServices
0x00000001c93b8000 	/System/Library/PrivateFrameworks/XCTTargetBootstrap.framework/Versions/A/XCTTargetBootstrap
0x00000001ccba2000 	/System/Library/PrivateFrameworks/InternationalSupport.framework/Versions/A/InternationalSupport
0x00000001ccc2b000 	/System/Library/PrivateFrameworks/UserActivity.framework/Versions/A/UserActivity
0x00000001cc0d0000 	/usr/lib/libspindump.dylib
0x00000001c4146000 	/System/Library/Frameworks/UniformTypeIdentifiers.framework/Versions/A/UniformTypeIdentifiers
0x00000001c7945000 	/usr/lib/libapp_launch_measurement.dylib
0x00000001c6ebd000 	/System/Library/PrivateFrameworks/CoreAnalytics.framework/Versions/A/CoreAnalytics
0x00000001c7948000 	/System/Library/PrivateFrameworks/CoreAutoLayout.framework/Versions/A/CoreAutoLayout
0x00000001c8cbb000 	/System/Library/Frameworks/Metal.framework/Versions/A/Metal
0x00000001c9a0a000 	/usr/lib/liblangid.dylib
0x00000001c93bc000 	/System/Library/PrivateFrameworks/CoreSVG.framework/Versions/A/CoreSVG
0x00000001c560d000 	/System/Library/PrivateFrameworks/SkyLight.framework/Versions/A/SkyLight
0x00000001c59da000 	/System/Library/Frameworks/CoreGraphics.framework/Versions/A/CoreGraphics
0x00000001d141d000 	/System/Library/Frameworks/Accelerate.framework/Versions/A/Accelerate
0x00000001cbb44000 	/System/Library/PrivateFrameworks/IconServices.framework/Versions/A/IconServices
0x00000001c8c9d000 	/System/Library/Frameworks/IOSurface.framework/Versions/A/IOSurface
0x00000001c6eed000 	/usr/lib/libDiagnosticMessagesClient.dylib
0x00000001d4866000 	/System/Library/Frameworks/ApplicationServices.framework/Versions/A/ApplicationServices
0x00000001c93a0000 	/System/Library/PrivateFrameworks/DFRFoundation.framework/Versions/A/DFRFoundation
0x00000001c28c0000 	/usr/lib/libicucore.A.dylib
0x00000001cd9a3000 	/System/Library/Frameworks/AudioToolbox.framework/Versions/A/AudioToolbox
0x00000001ccbae000 	/System/Library/PrivateFrameworks/DataDetectorsCore.framework/Versions/A/DataDetectorsCore
0x00000001e2cfc000 	/System/Library/PrivateFrameworks/TextInput.framework/Versions/A/TextInput
0x00000001c5584000 	/usr/lib/libMobileGestalt.dylib
0x00000001c9070000 	/System/Library/Frameworks/Carbon.framework/Versions/A/Frameworks/HIToolbox.framework/Versions/A/HIToolbox
0x00000001c734e000 	/System/Library/Frameworks/QuartzCore.framework/Versions/A/QuartzCore
0x00000001c253d000 	/System/Library/Frameworks/Security.framework/Versions/A/Security
0x00000001d0ddf000 	/System/Library/Frameworks/Carbon.framework/Versions/A/Frameworks/SpeechRecognition.framework/Versions/A/SpeechRecognition
0x00000001c769c000 	/System/Library/PrivateFrameworks/CoreUI.framework/Versions/A/CoreUI
0x00000001c1e0e000 	/System/Library/Frameworks/CoreAudio.framework/Versions/A/CoreAudio
0x00000001c6fe1000 	/System/Library/Frameworks/DiskArbitration.framework/Versions/A/DiskArbitration
0x00000001cc4b5000 	/System/Library/PrivateFrameworks/MultitouchSupport.framework/Versions/A/MultitouchSupport
0x00000001c5582000 	/usr/lib/libenergytrace.dylib
0x00000001c2ee9000 	/System/Library/Frameworks/IOKit.framework/Versions/A/IOKit
0x00000001d11c8000 	/System/Library/Frameworks/CoreServices.framework/Versions/A/CoreServices
0x00000001c78d5000 	/System/Library/PrivateFrameworks/PerformanceAnalysis.framework/Versions/A/PerformanceAnalysis
0x00000002218a9000 	/System/Library/Frameworks/OpenGL.framework/Versions/A/OpenGL
0x00000001ca45b000 	/System/Library/PrivateFrameworks/MobileKeyBag.framework/Versions/A/MobileKeyBag
0x00000001c5fea000 	/System/Library/Frameworks/ColorSync.framework/Versions/A/ColorSync
0x00000001c0488000 	/System/Library/Frameworks/CoreFoundation.framework/Versions/A/CoreFoundation
0x00000001c963d000 	/System/Library/Frameworks/CoreImage.framework/Versions/A/CoreImage
0x00000001c1c31000 	/System/Library/Frameworks/CoreText.framework/Versions/A/CoreText
0x00000001c93ec000 	/System/Library/Frameworks/ImageIO.framework/Versions/A/ImageIO
0x00000001caea7000 	/System/Library/PrivateFrameworks/SoftLinking.framework/Versions/A/SoftLinking
0x00000001c7992000 	/usr/lib/libxml2.2.dylib
0x00000001cb140000 	/usr/lib/libcompression.dylib
0x00000001ccafb000 	/System/Library/PrivateFrameworks/TextureIO.framework/Versions/A/TextureIO
0x00000001cb85e000 	/usr/lib/libate.dylib
0x00000001cb726000 	/usr/lib/liblzma.5.dylib
0x00000001c1070000 	/System/Library/Frameworks/SystemConfiguration.framework/Versions/A/SystemConfiguration
0x00000001caea3000 	/usr/lib/libfakelink.dylib
0x00000001c50b1000 	/System/Library/Frameworks/CFNetwork.framework/Versions/A/CFNetwork
0x00000001cafea000 	/usr/lib/libarchive.2.dylib
0x00000001c9a06000 	/System/Library/PrivateFrameworks/AppleSystemInfo.framework/Versions/A/AppleSystemInfo
0x00000001ca566000 	/usr/lib/libbsm.0.dylib
0x00000001c45e9000 	/usr/lib/libnetwork.dylib
0x00000001cae41000 	/usr/lib/system/libkxld.dylib
0x00000001ca17d000 	/System/Library/PrivateFrameworks/IOMobileFramebuffer.framework/Versions/A/IOMobileFramebuffer
0x000000023d6da000 	/usr/lib/libCoreEntitlements.dylib
0x00000001cab84000 	/System/Library/PrivateFrameworks/AppleFSCompression.framework/Versions/A/AppleFSCompression
0x00000001ca54e000 	/usr/lib/libcoretls.dylib
0x00000001cb73f000 	/usr/lib/libcoretls_cfhelpers.dylib
0x00000001cb13b000 	/usr/lib/libpam.2.dylib
0x00000001c693e000 	/usr/lib/libsqlite3.dylib
0x00000001cb7a7000 	/usr/lib/libxar.1.dylib
0x00000001cab95000 	/usr/lib/libbz2.1.0.dylib
0x00000001caea8000 	/usr/lib/libpcap.A.dylib
0x00000001c6d0d000 	/usr/lib/libdns_services.dylib
0x00000001cb10e000 	/usr/lib/libapple_nghttp2.dylib
0x00000001caee5000 	/usr/lib/libiconv.2.dylib
0x00000001cae3a000 	/usr/lib/libcharset.1.dylib
0x00000001c7911000 	/System/Library/Frameworks/CoreServices.framework/Versions/A/Frameworks/FSEvents.framework/Versions/A/FSEvents
0x00000001c2b76000 	/System/Library/Frameworks/CoreServices.framework/Versions/A/Frameworks/CarbonCore.framework/Versions/A/CarbonCore
0x00000001c6f44000 	/System/Library/Frameworks/CoreServices.framework/Versions/A/Frameworks/Metadata.framework/Versions/A/Metadata
0x00000001caba8000 	/System/Library/Frameworks/CoreServices.framework/Versions/A/Frameworks/OSServices.framework/Versions/A/OSServices
0x00000001cb070000 	/System/Library/Frameworks/CoreServices.framework/Versions/A/Frameworks/SearchKit.framework/Versions/A/SearchKit
0x00000001c6c9b000 	/System/Library/Frameworks/CoreServices.framework/Versions/A/Frameworks/AE.framework/Versions/A/AE
0x00000001c09cc000 	/System/Library/Frameworks/CoreServices.framework/Versions/A/Frameworks/LaunchServices.framework/Versions/A/LaunchServices
0x00000001cb6cf000 	/System/Library/Frameworks/CoreServices.framework/Versions/A/Frameworks/DictionaryServices.framework/Versions/A/DictionaryServices
0x00000001c791e000 	/System/Library/Frameworks/CoreServices.framework/Versions/A/Frameworks/SharedFileList.framework/Versions/A/SharedFileList
0x00000001ca53e000 	/usr/lib/libCheckFix.dylib
0x00000001c55f1000 	/System/Library/PrivateFrameworks/TCC.framework/Versions/A/TCC
0x00000001c9a0c000 	/System/Library/PrivateFrameworks/CoreNLP.framework/Versions/A/CoreNLP
0x00000001c6ef0000 	/System/Library/PrivateFrameworks/MetadataUtilities.framework/Versions/A/MetadataUtilities
0x00000001c1129000 	/usr/lib/libmecabra.dylib
0x00000001ca577000 	/usr/lib/libmecab.dylib
0x00000001c10f5000 	/usr/lib/libCRFSuite.dylib
0x00000001ca5d5000 	/usr/lib/libgermantok.dylib
0x00000001cb0e7000 	/usr/lib/libThaiTokenizer.dylib
0x00000001c6fe9000 	/System/Library/Frameworks/Accelerate.framework/Versions/A/Frameworks/vImage.framework/Versions/A/vImage
0x00000001d119f000 	/System/Library/Frameworks/Accelerate.framework/Versions/A/Frameworks/vecLib.framework/Versions/A/vecLib
0x00000001cb7eb000 	/System/Library/Frameworks/Accelerate.framework/Versions/A/Frameworks/vecLib.framework/Versions/A/libvMisc.dylib
0x00000001ca087000 	/System/Library/Frameworks/Accelerate.framework/Versions/A/Frameworks/vecLib.framework/Versions/A/libvDSP.dylib
0x00000001c0d4f000 	/System/Library/Frameworks/Accelerate.framework/Versions/A/Frameworks/vecLib.framework/Versions/A/libBLAS.dylib
0x00000001cb20f000 	/System/Library/Frameworks/Accelerate.framework/Versions/A/Frameworks/vecLib.framework/Versions/A/libLAPACK.dylib
0x00000001ca5d8000 	/System/Library/Frameworks/Accelerate.framework/Versions/A/Frameworks/vecLib.framework/Versions/A/libLinearAlgebra.dylib
0x00000001cb126000 	/System/Library/Frameworks/Accelerate.framework/Versions/A/Frameworks/vecLib.framework/Versions/A/libSparseBLAS.dylib
0x00000001cb20a000 	/System/Library/Frameworks/Accelerate.framework/Versions/A/Frameworks/vecLib.framework/Versions/A/libQuadrature.dylib
0x00000001c9b03000 	/System/Library/Frameworks/Accelerate.framework/Versions/A/Frameworks/vecLib.framework/Versions/A/libBNNS.dylib
0x00000001c100d000 	/System/Library/Frameworks/Accelerate.framework/Versions/A/Frameworks/vecLib.framework/Versions/A/libSparse.dylib
0x00000001c9afb000 	/System/Library/PrivateFrameworks/LinguisticData.framework/Versions/A/LinguisticData
0x00000001c0fc3000 	/System/Library/PrivateFrameworks/Lexicon.framework/Versions/A/Lexicon
0x00000001cb7e3000 	/usr/lib/libChineseTokenizer.dylib
0x00000001c176a000 	/System/Library/PrivateFrameworks/LanguageModeling.framework/Versions/A/LanguageModeling
0x00000001cb0e9000 	/System/Library/PrivateFrameworks/AppleSauce.framework/Versions/A/AppleSauce
0x00000001ca16a000 	/System/Library/PrivateFrameworks/CoreEmoji.framework/Versions/A/CoreEmoji
0x00000001cafd8000 	/usr/lib/libcmph.dylib
0x00000001c78f1000 	/System/Library/Frameworks/OpenDirectory.framework/Versions/A/Frameworks/CFOpenDirectory.framework/Versions/A/CFOpenDirectory
0x00000001c78e1000 	/System/Library/Frameworks/OpenDirectory.framework/Versions/A/OpenDirectory
0x00000001cb741000 	/System/Library/PrivateFrameworks/APFS.framework/Versions/A/APFS
0x00000001ca496000 	/System/Library/Frameworks/SecurityFoundation.framework/Versions/A/SecurityFoundation
0x00000001cb7b5000 	/usr/lib/libutil.dylib
0x00000001c2eab000 	/System/Library/PrivateFrameworks/CoreServicesStore.framework/Versions/A/CoreServicesStore
0x00000001cb7b9000 	/usr/lib/libxslt.1.dylib
0x00000001ca52a000 	/System/Library/PrivateFrameworks/BackgroundTaskManagement.framework/Versions/A/BackgroundTaskManagement
0x00000001cca1c000 	/System/Library/Frameworks/ImageIO.framework/Versions/A/Resources/libRadiance.dylib
0x00000001cca25000 	/System/Library/Frameworks/ImageIO.framework/Versions/A/Resources/libJPEG.dylib
0x00000001cc977000 	/System/Library/Frameworks/ImageIO.framework/Versions/A/Resources/libPng.dylib
0x00000001cc999000 	/System/Library/Frameworks/ImageIO.framework/Versions/A/Resources/libTIFF.dylib
0x00000001cca80000 	/System/Library/Frameworks/ImageIO.framework/Versions/A/Resources/libGIF.dylib
0x00000001cc3c5000 	/System/Library/Frameworks/ImageIO.framework/Versions/A/Resources/libJP2.dylib
0x00000001cbb0a000 	/usr/lib/libexpat.1.dylib
0x00000001cc380000 	/System/Library/PrivateFrameworks/AppleJPEG.framework/Versions/A/AppleJPEG
0x00000001c8f2f000 	/System/Library/PrivateFrameworks/FontServices.framework/libFontParser.dylib
0x00000001c6c40000 	/System/Library/PrivateFrameworks/RunningBoardServices.framework/Versions/A/RunningBoardServices
0x00000001d711c000 	/System/Library/PrivateFrameworks/IOSurfaceAccelerator.framework/Versions/A/IOSurfaceAccelerator
0x00000001cc4b1000 	/System/Library/PrivateFrameworks/WatchdogClient.framework/Versions/A/WatchdogClient
0x00000001c186e000 	/System/Library/Frameworks/CoreDisplay.framework/Versions/A/CoreDisplay
0x00000001c8e1d000 	/System/Library/Frameworks/CoreMedia.framework/Versions/A/CoreMedia
0x00000001c8cb1000 	/System/Library/PrivateFrameworks/IOAccelerator.framework/Versions/A/IOAccelerator
0x00000001c7a7f000 	/System/Library/Frameworks/CoreVideo.framework/Versions/A/CoreVideo
0x00000001cb139000 	/System/Library/Frameworks/MetalPerformanceShaders.framework/Versions/A/MetalPerformanceShaders
0x00000001cc4ee000 	/System/Library/Frameworks/VideoToolbox.framework/Versions/A/VideoToolbox
0x00000001c6b84000 	/System/Library/PrivateFrameworks/BaseBoard.framework/Versions/A/BaseBoard
0x00000001c6923000 	/System/Library/PrivateFrameworks/ProtocolBuffer.framework/Versions/A/ProtocolBuffer
0x00000001cca17000 	/System/Library/PrivateFrameworks/GPUWrangler.framework/Versions/A/GPUWrangler
0x00000001cc9f6000 	/System/Library/PrivateFrameworks/IOPresentment.framework/Versions/A/IOPresentment
0x00000001cca1f000 	/System/Library/PrivateFrameworks/DSExternalDisplay.framework/Versions/A/DSExternalDisplay
0x000000022189c000 	/System/Library/Frameworks/OpenGL.framework/Versions/A/Libraries/libCoreFSCache.dylib
0x000000022b087000 	/System/Library/PrivateFrameworks/GPUCompiler.framework/Versions/31001/Libraries/libGPUCompilerUtils.dylib
0x00000001cca85000 	/System/Library/PrivateFrameworks/CMCaptureCore.framework/Versions/A/CMCaptureCore
0x00000001cc0be000 	/System/Library/PrivateFrameworks/AppServerSupport.framework/Versions/A/AppServerSupport
0x00000001ce25e000 	/System/Library/PrivateFrameworks/perfdata.framework/Versions/A/perfdata
0x00000001c198e000 	/System/Library/PrivateFrameworks/AudioToolboxCore.framework/Versions/A/AudioToolboxCore
0x00000001c8df5000 	/System/Library/PrivateFrameworks/caulk.framework/Versions/A/caulk
0x00000001cdb53000 	/usr/lib/libAudioStatistics.dylib
0x00000001df470000 	/System/Library/PrivateFrameworks/SystemPolicy.framework/Versions/A/SystemPolicy
0x00000001cddb3000 	/usr/lib/libSMC.dylib
0x00000001d6988000 	/System/Library/Frameworks/CoreMIDI.framework/Versions/A/CoreMIDI
0x00000001cc945000 	/usr/lib/libAudioToolboxUtility.dylib
0x00000001db89d000 	/System/Library/PrivateFrameworks/OSAServicesClient.framework/Versions/A/OSAServicesClient
0x00000001ce26b000 	/usr/lib/libperfcheck.dylib
0x00000001dff77000 	/usr/lib/libmis.dylib
0x00000002218fd000 	/System/Library/Frameworks/OpenGL.framework/Versions/A/Libraries/libGLU.dylib
0x00000002218bc000 	/System/Library/Frameworks/OpenGL.framework/Versions/A/Libraries/libGFXShared.dylib
0x0000000221aa6000 	/System/Library/Frameworks/OpenGL.framework/Versions/A/Libraries/libGL.dylib
0x00000002218c5000 	/System/Library/Frameworks/OpenGL.framework/Versions/A/Libraries/libGLImage.dylib
0x00000002218b9000 	/System/Library/Frameworks/OpenGL.framework/Versions/A/Libraries/libCVMSPluginSupport.dylib
0x00000002218a3000 	/System/Library/Frameworks/OpenGL.framework/Versions/A/Libraries/libCoreVMClient.dylib
0x00000001c9987000 	/System/Library/Frameworks/MetalPerformanceShaders.framework/Versions/A/Frameworks/MPSCore.framework/Versions/A/MPSCore
0x00000001caaf7000 	/System/Library/Frameworks/MetalPerformanceShaders.framework/Versions/A/Frameworks/MPSImage.framework/Versions/A/MPSImage
0x00000001ca5ed000 	/System/Library/Frameworks/MetalPerformanceShaders.framework/Versions/A/Frameworks/MPSNeuralNetwork.framework/Versions/A/MPSNeuralNetwork
0x00000001caa2a000 	/System/Library/Frameworks/MetalPerformanceShaders.framework/Versions/A/Frameworks/MPSMatrix.framework/Versions/A/MPSMatrix
0x00000001ca805000 	/System/Library/Frameworks/MetalPerformanceShaders.framework/Versions/A/Frameworks/MPSRayIntersector.framework/Versions/A/MPSRayIntersector
0x00000001caa5b000 	/System/Library/Frameworks/MetalPerformanceShaders.framework/Versions/A/Frameworks/MPSNDArray.framework/Versions/A/MPSNDArray
0x00000002235d4000 	/System/Library/Frameworks/MetalPerformanceShaders.framework/Versions/A/Frameworks/MPSFunctions.framework/Versions/A/MPSFunctions
0x00000001c0c2d000 	/System/Library/PrivateFrameworks/MetalTools.framework/Versions/A/MetalTools
0x00000001c9a04000 	/System/Library/PrivateFrameworks/AggregateDictionary.framework/Versions/A/AggregateDictionary
0x00000001cb8f0000 	/usr/lib/libIOReport.dylib
0x00000001d596f000 	/System/Library/PrivateFrameworks/ASEProcessing.framework/Versions/A/ASEProcessing
0x00000001cbc63000 	/System/Library/PrivateFrameworks/FaceCore.framework/Versions/A/FaceCore
0x00000001cbc55000 	/System/Library/PrivateFrameworks/GraphVisualizer.framework/Versions/A/GraphVisualizer
0x000000022af9e000 	/System/Library/PrivateFrameworks/FontServices.framework/Versions/A/FontServices
0x00000001cc078000 	/System/Library/PrivateFrameworks/OTSVG.framework/Versions/A/OTSVG
0x00000001c764d000 	/System/Library/Frameworks/ApplicationServices.framework/Versions/A/Frameworks/ATS.framework/Versions/A/Resources/libFontRegistry.dylib
0x00000001cc0c7000 	/System/Library/PrivateFrameworks/FontServices.framework/libhvf.dylib
0x000000022af9f000 	/System/Library/PrivateFrameworks/FontServices.framework/libXTFontStaticRegistryData.dylib
0x0000000221c48000 	/System/Library/Frameworks/OpenCL.framework/Versions/A/OpenCL
0x00000001cbabe000 	/System/Library/PrivateFrameworks/AppleVA.framework/Versions/A/AppleVA
0x00000001cdb7b000 	/System/Library/Frameworks/ApplicationServices.framework/Versions/A/Frameworks/ATS.framework/Versions/A/ATS
0x00000001c60e7000 	/System/Library/Frameworks/ApplicationServices.framework/Versions/A/Frameworks/HIServices.framework/Versions/A/HIServices
0x00000001cca8f000 	/System/Library/Frameworks/ApplicationServices.framework/Versions/A/Frameworks/PrintCore.framework/Versions/A/PrintCore
0x00000001cdf06000 	/System/Library/Frameworks/ApplicationServices.framework/Versions/A/Frameworks/QD.framework/Versions/A/QD
0x00000001cdefe000 	/System/Library/Frameworks/ApplicationServices.framework/Versions/A/Frameworks/ColorSyncLegacy.framework/Versions/A/ColorSyncLegacy
0x00000001cdb67000 	/System/Library/Frameworks/ApplicationServices.framework/Versions/A/Frameworks/SpeechSynthesis.framework/Versions/A/SpeechSynthesis
0x00000001cca50000 	/System/Library/Frameworks/ApplicationServices.framework/Versions/A/Frameworks/ATSUI.framework/Versions/A/ATSUI
0x00000001cde93000 	/usr/lib/libcups.2.dylib
0x00000001ce279000 	/System/Library/Frameworks/Kerberos.framework/Versions/A/Kerberos
0x00000001ce28a000 	/System/Library/Frameworks/GSS.framework/Versions/A/GSS
0x00000001cdbea000 	/usr/lib/libresolv.9.dylib
0x00000001cc0d5000 	/System/Library/PrivateFrameworks/Heimdal.framework/Versions/A/Heimdal
0x00000001d4bde000 	/System/Library/Frameworks/Kerberos.framework/Versions/A/Libraries/libHeimdalProxy.dylib
0x00000001c6d1f000 	/System/Library/Frameworks/Network.framework/Versions/A/Network
0x00000001cbb25000 	/usr/lib/libheimdal-asn1.dylib
0x00000001ce2d0000 	/System/Library/PrivateFrameworks/CommonAuth.framework/Versions/A/CommonAuth
0x00000001cdae1000 	/System/Library/PrivateFrameworks/AudioSession.framework/Versions/A/AudioSession
0x00000001cbbb6000 	/System/Library/PrivateFrameworks/MediaExperience.framework/Versions/A/MediaExperience
0x00000001cd969000 	/System/Library/PrivateFrameworks/AudioSession.framework/libSessionUtility.dylib
0x00000001cdf12000 	/System/Library/PrivateFrameworks/AudioResourceArbitration.framework/Versions/A/AudioResourceArbitration
0x00000001d201d000 	/System/Library/PrivateFrameworks/PowerLog.framework/Versions/A/PowerLog
0x00000001cbb2e000 	/System/Library/PrivateFrameworks/IconFoundation.framework/Versions/A/IconFoundation
0x00000001d0dcb000 	/System/Library/PrivateFrameworks/SpeechRecognitionCore.framework/Versions/A/SpeechRecognitionCore
0x0000000103834000 	/Users/abdu/Library/Java/JavaVirtualMachines/openjdk-17.0.2/Contents/Home/lib/server/libjvm.dylib
0x0000000102808000 	/Users/abdu/Library/Java/JavaVirtualMachines/openjdk-17.0.2/Contents/Home/lib/libjimage.dylib
0x0000000102834000 	/Users/abdu/Library/Java/JavaVirtualMachines/openjdk-17.0.2/Contents/Home/lib/libinstrument.dylib
0x000000010295c000 	/Users/abdu/Library/Java/JavaVirtualMachines/openjdk-17.0.2/Contents/Home/lib/libjava.dylib
0x0000000102928000 	/Users/abdu/Library/Java/JavaVirtualMachines/openjdk-17.0.2/Contents/Home/lib/libzip.dylib
0x0000000103810000 	/Users/abdu/Library/Java/JavaVirtualMachines/openjdk-17.0.2/Contents/Home/lib/libnio.dylib
0x0000000120f24000 	/Users/abdu/Library/Java/JavaVirtualMachines/openjdk-17.0.2/Contents/Home/lib/libnet.dylib
0x0000000102940000 	/Users/abdu/Library/Java/JavaVirtualMachines/openjdk-17.0.2/Contents/Home/lib/libextnet.dylib
0x0000000120f48000 	/Users/abdu/Library/Java/JavaVirtualMachines/openjdk-17.0.2/Contents/Home/lib/libverify.dylib
0x0000000120f64000 	/Users/abdu/Library/Java/JavaVirtualMachines/openjdk-17.0.2/Contents/Home/lib/libmanagement.dylib
0x0000000120f78000 	/Users/abdu/Library/Java/JavaVirtualMachines/openjdk-17.0.2/Contents/Home/lib/libmanagement_ext.dylib
0x0000000120f8c000 	/Users/abdu/.openjfx/cache/17/libprism_es2.dylib
0x00000001c2e6e000 	/System/Library/PrivateFrameworks/CoreServicesInternal.framework/Versions/A/CoreServicesInternal
0x0000000221ab0000 	/System/Library/Frameworks/OpenGL.framework/Versions/A/Resources/GLEngine.bundle/GLEngine
0x0000000221937000 	/System/Library/Frameworks/OpenGL.framework/Versions/A/Libraries/libGLProgrammability.dylib
0x0000000123700000 	/System/Library/Extensions/AppleMetalOpenGLRenderer.bundle/Contents/MacOS/AppleMetalOpenGLRenderer
0x0000000221c1f000 	/System/Library/Frameworks/OpenGL.framework/Versions/A/Resources/GLRendererFloat.bundle/GLRendererFloat
0x0000000221cc0000 	/System/Library/Extensions/AGXMetal13_3.bundle/Contents/MacOS/AGXMetal13_3
0x00000001dff93000 	/System/Library/PrivateFrameworks/GPURawCounter.framework/Versions/A/GPURawCounter
0x00000001daa21000 	/System/Library/PrivateFrameworks/IOGPU.framework/Versions/A/IOGPU
0x00000001257f8000 	/Users/abdu/.openjfx/cache/17/libglass.dylib
0x00000001d2271000 	/System/Library/Frameworks/FileProvider.framework/Versions/A/FileProvider
0x00000001c6aec000 	/System/Library/Frameworks/Accounts.framework/Versions/A/Accounts
0x00000001d23f1000 	/System/Library/PrivateFrameworks/GenerationalStorage.framework/Versions/A/GenerationalStorage
0x00000001d2fa7000 	/System/Library/PrivateFrameworks/CoreSymbolication.framework/Versions/A/CoreSymbolication
0x00000001d2011000 	/System/Library/PrivateFrameworks/SymptomDiagnosticReporter.framework/Versions/A/SymptomDiagnosticReporter
0x00000001c415a000 	/System/Library/PrivateFrameworks/DesktopServicesPriv.framework/Versions/A/DesktopServicesPriv
0x00000001c2fce000 	/usr/lib/libsandbox.1.dylib
0x00000001c7b0c000 	/System/Library/PrivateFrameworks/UserManagement.framework/Versions/A/UserManagement
0x00000001d2f68000 	/System/Library/PrivateFrameworks/DebugSymbols.framework/Versions/A/DebugSymbols
0x00000001cdef1000 	/System/Library/PrivateFrameworks/NetAuth.framework/Versions/A/NetAuth
0x00000001cedf4000 	/System/Library/PrivateFrameworks/Sharing.framework/Versions/A/Sharing
0x00000001c7adc000 	/System/Library/PrivateFrameworks/login.framework/Versions/A/Frameworks/loginsupport.framework/Versions/A/loginsupport
0x00000001d4120000 	/System/Library/PrivateFrameworks/Apple80211.framework/Versions/A/Apple80211
0x00000001cabdb000 	/System/Library/PrivateFrameworks/AuthKit.framework/Versions/A/AuthKit
0x00000001ca269000 	/System/Library/PrivateFrameworks/CoreUtils.framework/Versions/A/CoreUtils
0x00000001ca189000 	/System/Library/Frameworks/CoreWLAN.framework/Versions/A/CoreWLAN
0x00000001cef5e000 	/System/Library/Frameworks/IOBluetooth.framework/Versions/A/IOBluetooth
0x00000001d4180000 	/System/Library/PrivateFrameworks/CoreWiFi.framework/Versions/A/CoreWiFi
0x00000001d2b4f000 	/System/Library/PrivateFrameworks/FrontBoardServices.framework/Versions/A/FrontBoardServices
0x00000001d2be7000 	/System/Library/PrivateFrameworks/BoardServices.framework/Versions/A/BoardServices
0x00000001ca484000 	/System/Library/PrivateFrameworks/AssertionServices.framework/Versions/A/AssertionServices
0x00000001d42ee000 	/System/Library/PrivateFrameworks/BackBoardServices.framework/Versions/A/BackBoardServices
0x00000001ce363000 	/System/Library/PrivateFrameworks/CorePhoneNumbers.framework/Versions/A/CorePhoneNumbers
0x00000001d2141000 	/System/Library/PrivateFrameworks/DiskManagement.framework/Versions/A/DiskManagement
0x00000001d2044000 	/System/Library/PrivateFrameworks/AppleIDAuthSupport.framework/Versions/A/AppleIDAuthSupport
0x00000002258be000 	/System/Library/PrivateFrameworks/AAAFoundation.framework/Versions/A/AAAFoundation
0x00000001ce342000 	/System/Library/PrivateFrameworks/KeychainCircle.framework/Versions/A/KeychainCircle
0x00000001d210d000 	/System/Library/PrivateFrameworks/MediaKit.framework/Versions/A/MediaKit
0x00000001d2051000 	/System/Library/Frameworks/DiscRecording.framework/Versions/A/DiscRecording
0x00000001cba3a000 	/usr/lib/libCoreStorage.dylib
0x00000001d45ea000 	/usr/lib/libcsfde.dylib
0x00000001cf033000 	/System/Library/PrivateFrameworks/ProtectedCloudStorage.framework/Versions/A/ProtectedCloudStorage
0x00000001d45e2000 	/System/Library/PrivateFrameworks/EFILogin.framework/Versions/A/EFILogin
0x00000001d2418000 	/System/Library/PrivateFrameworks/OctagonTrust.framework/Versions/A/OctagonTrust
0x000000022a1ea000 	/System/Library/PrivateFrameworks/CoreUtilsExtras.framework/Versions/A/CoreUtilsExtras
0x00000001d1f86000 	/System/Library/Frameworks/CoreBluetooth.framework/Versions/A/CoreBluetooth
0x00000001d4c63000 	/System/Library/Frameworks/AudioUnit.framework/Versions/A/AudioUnit
0x00000001cba32000 	/usr/lib/libMatch.1.dylib
0x00000001e4289000 	/System/Library/Frameworks/Accelerate.framework/Versions/A/Frameworks/vImage.framework/Versions/A/Libraries/libCGInterfaces.dylib
0x0000000126a64000 	/usr/lib/libobjc-trampolines.dylib
0x00000001ed896000 	/System/Library/PrivateFrameworks/AccessibilitySupport.framework/Versions/A/Frameworks/AccessibilityFoundation.framework/Versions/A/AccessibilityFoundation
0x00000001cc183000 	/System/Library/PrivateFrameworks/login.framework/Versions/A/login
0x00000001c77d9000 	/System/Library/PrivateFrameworks/ViewBridge.framework/Versions/A/ViewBridge
0x0000000127d1c000 	/Users/abdu/.openjfx/cache/17/libjavafx_font.dylib
0x000000023d854000 	/usr/lib/libRosetta.dylib


VM Arguments:
jvm_args: -javaagent:/Applications/IntelliJ IDEA.app/Contents/lib/idea_rt.jar=54478:/Applications/IntelliJ IDEA.app/Contents/bin -Dfile.encoding=UTF-8 
java_command: ui.ApplicationLauncher
java_class_path (initial): /Users/abdu/Desktop/EHU/Segundo/SegundoCuatri/SE/Project/betandruin22/target/classes:/Users/abdu/.m2/repository/org/kordamp/bootstrapfx/bootstrapfx-core/0.4.0/bootstrapfx-core-0.4.0.jar:/Users/abdu/.m2/repository/org/openjfx/javafx-controls/17/javafx-controls-17.jar:/Users/abdu/.m2/repository/org/openjfx/javafx-controls/17/javafx-controls-17-mac-aarch64.jar:/Users/abdu/.m2/repository/org/openjfx/javafx-graphics/17/javafx-graphics-17.jar:/Users/abdu/.m2/repository/org/openjfx/javafx-graphics/17/javafx-graphics-17-mac-aarch64.jar:/Users/abdu/.m2/repository/org/openjfx/javafx-base/17/javafx-base-17.jar:/Users/abdu/.m2/repository/org/openjfx/javafx-base/17/javafx-base-17-mac-aarch64.jar:/Users/abdu/.m2/repository/org/openjfx/javafx-fxml/17/javafx-fxml-17.jar:/Users/abdu/.m2/repository/org/openjfx/javafx-fxml/17/javafx-fxml-17-mac-aarch64.jar:/Users/abdu/.m2/repository/com/toedter/jcalendar/1.4/jcalendar-1.4.jar:/Users/abdu/.m2/repository/jakarta/xml/bind/jakarta.xml.bind-api/2.3.2/jakarta.xml.bind-api-2.3.2.jar:/Users/abdu/.m2/repository/jakarta/activation/jakarta.activation-api/1.2.1/jakarta.activation-api-1.2.1.jar:/Users/abdu/.m2/repository/org/glassfish/jaxb/jaxb-runtime/2.3.2/jaxb-runtime-2.3.2.jar:/Users/abdu/.m2/repository/org/glassfish/jaxb/txw2/2.3.2/txw2-2.3.2.jar:/Users/abdu/.m2/repository/com/sun/istack/istack-commons-runtime/3.0.8/istack-commons-runtime-3.0.8.jar:/Users/abdu/.m2/repository/org/jvnet/staxex/stax-ex/1.8.1/stax-ex-1.8.1.jar:/Users/abdu/.m2/repository/com/sun/xml/fastinfoset/FastInfoset/1.2.16/FastInfoset-1.2.16.jar:/Users/abdu/.m2/repository/jakarta/xml/ws/jakarta.xml.ws-api/2.3.2/jakarta.xml.ws-api-2.3.2.jar:/Users/abdu/.m2/repository/jakarta/xml/soap/jakarta.xml.soap-api/1.4.1/jakarta.xml.soap-api-1.4.1.jar:/Users/abdu/.m2/repository/jakarta/annotation/jakarta.annotation-api/1.3.4/jakarta.annotation-api-1.3.4.jar:/Users/abdu/.m2/repository/jakarta/jws/jakarta.jws-api/1.1.1/jakarta.jws-api-1.1.1.jar:/Users/abdu/.m
Launcher Type: SUN_STANDARD

[Global flags]
     intx CICompilerCount                          = 4                                         {product} {ergonomic}
     uint ConcGCThreads                            = 2                                         {product} {ergonomic}
     uint G1ConcRefinementThreads                  = 8                                         {product} {ergonomic}
   size_t G1HeapRegionSize                         = 1048576                                   {product} {ergonomic}
    uintx GCDrainStackTargetSize                   = 64                                        {product} {ergonomic}
   size_t InitialHeapSize                          = 134217728                                 {product} {ergonomic}
   size_t MarkStackSize                            = 4194304                                   {product} {ergonomic}
   size_t MaxHeapSize                              = 2147483648                                {product} {ergonomic}
   size_t MaxNewSize                               = 1287651328                                {product} {ergonomic}
   size_t MinHeapDeltaBytes                        = 1048576                                   {product} {ergonomic}
   size_t MinHeapSize                              = 8388608                                   {product} {ergonomic}
    uintx NonNMethodCodeHeapSize                   = 5839564                                {pd product} {ergonomic}
    uintx NonProfiledCodeHeapSize                  = 122909338                              {pd product} {ergonomic}
    uintx ProfiledCodeHeapSize                     = 122909338                              {pd product} {ergonomic}
    uintx ReservedCodeCacheSize                    = 251658240                              {pd product} {ergonomic}
     bool SegmentedCodeCache                       = true                                      {product} {ergonomic}
   size_t SoftMaxHeapSize                          = 2147483648                             {manageable} {ergonomic}
     bool UseCompressedClassPointers               = true                           {product lp64_product} {ergonomic}
     bool UseCompressedOops                        = true                           {product lp64_product} {ergonomic}
     bool UseG1GC                                  = true                                      {product} {ergonomic}
     bool UseNUMA                                  = false                                     {product} {ergonomic}
     bool UseNUMAInterleaving                      = false                                     {product} {ergonomic}

Logging:
Log output configuration:
 #0: stdout all=warning uptime,level,tags
 #1: stderr all=off uptime,level,tags

Environment Variables:
PATH=/Users/abdu/opt/anaconda3/bin:/Users/abdu/opt/anaconda3/condabin:/opt/homebrew/bin:/opt/homebrew/sbin:/usr/local/bin:/usr/bin:/bin:/usr/sbin:/sbin:/Applications/rar:/usr/local/share/dotnet:/opt/X11/bin:/opt/devkitpro/tools/bin:~/.dotnet/tools:/Library/Frameworks/Mono.framework/Versions/Current/Commands:/Users/abdu/Library/Android/sdk/emulator:/Users/abdu/Library/Android/sdk/tools:/Users/abdu/Library/Android/sdk/tools/bin:/Users/abdu/Library/Android/sdk/platform-tools
SHELL=/bin/zsh
DISPLAY=/private/tmp/com.apple.launchd.vgTdO4Cbqg/org.xquartz:0
LC_CTYPE=es_ES.UTF-8

Signal Handlers:
   SIGSEGV: _ZL13crash_handleriP9__siginfoPv in libjvm.dylib, mask=11100110000111110111111111111111, flags=SA_RESTART|SA_SIGINFO
    SIGBUS: _ZL13crash_handleriP9__siginfoPv in libjvm.dylib, mask=11100110000111110111111111111111, flags=SA_RESTART|SA_SIGINFO
    SIGFPE: _ZL13crash_handleriP9__siginfoPv in libjvm.dylib, mask=11100110000111110111111111111111, flags=SA_RESTART|SA_SIGINFO
   SIGPIPE: _ZL17javaSignalHandleriP9__siginfoPv in libjvm.dylib, mask=11100110000111110111111111111111, flags=SA_RESTART|SA_SIGINFO
   SIGXFSZ: _ZL17javaSignalHandleriP9__siginfoPv in libjvm.dylib, mask=11100110000111110111111111111111, flags=SA_RESTART|SA_SIGINFO
    SIGILL: _ZL13crash_handleriP9__siginfoPv in libjvm.dylib, mask=11100110000111110111111111111111, flags=SA_RESTART|SA_SIGINFO
   SIGUSR2: _ZL10SR_handleriP9__siginfoP17__darwin_ucontext in libjvm.dylib, mask=00100000000000000000000000000000, flags=SA_RESTART|SA_SIGINFO
    SIGHUP: _ZL11UserHandleriPvS_ in libjvm.dylib, mask=11100110000111110111111111111111, flags=SA_RESTART|SA_SIGINFO
    SIGINT: _ZL11UserHandleriPvS_ in libjvm.dylib, mask=11100110000111110111111111111111, flags=SA_RESTART|SA_SIGINFO
   SIGTERM: _ZL11UserHandleriPvS_ in libjvm.dylib, mask=11100110000111110111111111111111, flags=SA_RESTART|SA_SIGINFO
   SIGQUIT: _ZL11UserHandleriPvS_ in libjvm.dylib, mask=11100110000111110111111111111111, flags=SA_RESTART|SA_SIGINFO
   SIGTRAP: _ZL13crash_handleriP9__siginfoPv in libjvm.dylib, mask=11100110000111110111111111111111, flags=SA_RESTART|SA_SIGINFO


---------------  S Y S T E M  ---------------

OS:
uname: Darwin 21.3.0 Darwin Kernel Version 21.3.0: Wed Jan  5 21:37:58 PST 2022; root:xnu-8019.80.24~20/RELEASE_ARM64_T8101 arm64
OS uptime: 4 days 1:05 hours
rlimit (soft/hard): STACK 8176k/65520k , CORE 0k/infinity , NPROC 1333/2000 , NOFILE 10240/infinity , AS infinity/infinity , CPU infinity/infinity , DATA infinity/infinity , FSIZE infinity/infinity , MEMLOCK infinity/infinity , RSS infinity/infinity
load average: 2.19 1.98 2.01

CPU: total 8 (initial active 8) 0x61:0x0:0x1b588bb3:0, fp, simd, crc, lse

Memory: 16k page, physical 8388608k(61920k free), swap 1048576k(914944k free)

vm_info: OpenJDK 64-Bit Server VM (17.0.2+8-86) for bsd-aarch64 JRE (17.0.2+8-86), built on Dec  7 2021 21:45:06 by "mach5one" with clang Apple LLVM 12.0.0 (clang-1200.0.32.29)

END.
