------------------------------------------------------------------------------------------------------------------------

[2022-03-16 12:35:16 #1 store] 
Database '/Users/abdu/Desktop/EHU/Segundo/SegundoCuatri/SE/Project/BetAndRuin22/db/bets.temp' is opened by 7927@AirdeAbdurrahim.home

[2022-03-16 12:35:16 #2 store] 
Configuration path: ?

[2022-03-16 12:36:17 #3 store] 
Database '/Users/abdu/Desktop/EHU/Segundo/SegundoCuatri/SE/Project/BetAndRuin22/db/bets.temp' is closed by 7927@AirdeAbdurrahim.home

------------------------------------------------------------------------------------------------------------------------

[2022-03-16 12:43:36 #1 store] 
Database '/Users/abdu/Desktop/EHU/Segundo/SegundoCuatri/SE/Project/BetAndRuin22/db/bets.temp' has been recovered (tr. 3-4)

[2022-03-16 12:43:36 #2 store] 
Database '/Users/abdu/Desktop/EHU/Segundo/SegundoCuatri/SE/Project/BetAndRuin22/db/bets.temp' is opened by 9010@AirdeAbdurrahim.home

[2022-03-16 12:43:36 #3 store] 
Configuration path: ?

[2022-03-16 12:43:43 #4 store] 
Database '/Users/abdu/Desktop/EHU/Segundo/SegundoCuatri/SE/Project/BetAndRuin22/db/bets.temp' is closed by 9010@AirdeAbdurrahim.home

------------------------------------------------------------------------------------------------------------------------

[2022-03-16 13:04:00 #1 store] 
Database '/Users/abdu/Desktop/EHU/Segundo/SegundoCuatri/SE/Project/BetAndRuin22/db/bets.temp' has been recovered (tr. 1-8)

[2022-03-16 13:04:00 #2 store] 
Database '/Users/abdu/Desktop/EHU/Segundo/SegundoCuatri/SE/Project/BetAndRuin22/db/bets.temp' is opened by 10753@AirdeAbdurrahim.home

[2022-03-16 13:04:00 #3 store] 
Configuration path: ?

[2022-03-16 13:04:49 #4 store] 
Database '/Users/abdu/Desktop/EHU/Segundo/SegundoCuatri/SE/Project/BetAndRuin22/db/bets.temp' is closed by 10753@AirdeAbdurrahim.home

------------------------------------------------------------------------------------------------------------------------

[2022-03-16 13:12:30 #1 store] 
Database '/Users/abdu/Desktop/EHU/Segundo/SegundoCuatri/SE/Project/BetAndRuin22/db/bets.temp' has been recovered (tr. 1-8)

[2022-03-16 13:12:31 #2 store] 
Database '/Users/abdu/Desktop/EHU/Segundo/SegundoCuatri/SE/Project/BetAndRuin22/db/bets.temp' is opened by 11199@AirdeAbdurrahim.home

[2022-03-16 13:12:31 #3 store] 
Configuration path: ?

[2022-03-16 13:12:59 #4 store] 
Database '/Users/abdu/Desktop/EHU/Segundo/SegundoCuatri/SE/Project/BetAndRuin22/db/bets.temp' is closed by 11199@AirdeAbdurrahim.home

